{"C:\\Users\\siska\\OneDrive\\Documents\\GitHub\\repath-be\\app.js": {"path":"C:\\Users\\siska\\OneDrive\\Documents\\GitHub\\repath-be\\app.js","statementMap":{"0":{"start":{"line":1,"column":0},"end":{"line":1,"column":27}},"1":{"start":{"line":2,"column":16},"end":{"line":2,"column":34}},"2":{"start":{"line":3,"column":12},"end":{"line":3,"column":21}},"3":{"start":{"line":4,"column":17},"end":{"line":4,"column":36}},"4":{"start":{"line":5,"column":19},"end":{"line":5,"column":49}},"5":{"start":{"line":6,"column":21},"end":{"line":6,"column":53}},"6":{"start":{"line":7,"column":21},"end":{"line":7,"column":53}},"7":{"start":{"line":8,"column":19},"end":{"line":8,"column":49}},"8":{"start":{"line":9,"column":22},"end":{"line":9,"column":55}},"9":{"start":{"line":10,"column":20},"end":{"line":10,"column":51}},"10":{"start":{"line":11,"column":21},"end":{"line":11,"column":58}},"11":{"start":{"line":12,"column":20},"end":{"line":12,"column":51}},"12":{"start":{"line":13,"column":13},"end":{"line":13,"column":28}},"13":{"start":{"line":14,"column":24},"end":{"line":14,"column":56}},"14":{"start":{"line":15,"column":23},"end":{"line":15,"column":62}},"15":{"start":{"line":17,"column":0},"end":{"line":17,"column":16}},"16":{"start":{"line":18,"column":0},"end":{"line":18,"column":48}},"17":{"start":{"line":19,"column":0},"end":{"line":19,"column":23}},"18":{"start":{"line":21,"column":0},"end":{"line":21,"column":29}},"19":{"start":{"line":22,"column":0},"end":{"line":22,"column":23}},"20":{"start":{"line":23,"column":0},"end":{"line":23,"column":29}},"21":{"start":{"line":24,"column":0},"end":{"line":24,"column":35}},"22":{"start":{"line":25,"column":0},"end":{"line":25,"column":30}},"23":{"start":{"line":27,"column":0},"end":{"line":27,"column":33}},"24":{"start":{"line":28,"column":0},"end":{"line":28,"column":31}},"25":{"start":{"line":30,"column":0},"end":{"line":30,"column":21}},"26":{"start":{"line":36,"column":0},"end":{"line":36,"column":20}}},"fnMap":{},"branchMap":{},"s":{"0":1,"1":1,"2":1,"3":1,"4":1,"5":1,"6":1,"7":1,"8":1,"9":1,"10":1,"11":1,"12":1,"13":1,"14":1,"15":1,"16":1,"17":1,"18":1,"19":1,"20":1,"21":1,"22":1,"23":1,"24":1,"25":1,"26":1},"f":{},"b":{},"_coverageSchema":"1a1c01bbd47fc00a2c39e90264f33305004495a9","hash":"b8ba90091fa0e3bf391733aa2d54d2c2529a82ac"}
,"C:\\Users\\siska\\OneDrive\\Documents\\GitHub\\repath-be\\config\\monggoConfig.js": {"path":"C:\\Users\\siska\\OneDrive\\Documents\\GitHub\\repath-be\\config\\monggoConfig.js","statementMap":{"0":{"start":{"line":1,"column":0},"end":{"line":1,"column":27}},"1":{"start":{"line":2,"column":17},"end":{"line":2,"column":36}},"2":{"start":{"line":5,"column":0},"end":{"line":6,"column":36}},"3":{"start":{"line":5,"column":36},"end":{"line":5,"column":72}},"4":{"start":{"line":6,"column":5},"end":{"line":6,"column":36}},"5":{"start":{"line":8,"column":0},"end":{"line":14,"column":2}},"6":{"start":{"line":9,"column":4},"end":{"line":13,"column":5}},"7":{"start":{"line":10,"column":8},"end":{"line":10,"column":24}},"8":{"start":{"line":12,"column":8},"end":{"line":12,"column":32}},"9":{"start":{"line":16,"column":0},"end":{"line":16,"column":25}}},"fnMap":{"0":{"name":"(anonymous_0)","decl":{"start":{"line":8,"column":77},"end":{"line":8,"column":78}},"loc":{"start":{"line":8,"column":86},"end":{"line":14,"column":1}},"line":8}},"branchMap":{"0":{"loc":{"start":{"line":5,"column":0},"end":{"line":6,"column":36}},"type":"if","locations":[{"start":{"line":5,"column":0},"end":{"line":6,"column":36}},{"start":{"line":6,"column":5},"end":{"line":6,"column":36}}],"line":5},"1":{"loc":{"start":{"line":9,"column":4},"end":{"line":13,"column":5}},"type":"if","locations":[{"start":{"line":9,"column":4},"end":{"line":13,"column":5}},{"start":{"line":11,"column":11},"end":{"line":13,"column":5}}],"line":9}},"s":{"0":1,"1":1,"2":1,"3":1,"4":0,"5":1,"6":1,"7":0,"8":1,"9":1},"f":{"0":1},"b":{"0":[1,0],"1":[0,1]},"_coverageSchema":"1a1c01bbd47fc00a2c39e90264f33305004495a9","hash":"f3d01045b79dba4f950bc6294e762e42097da366"}
,"C:\\Users\\siska\\OneDrive\\Documents\\GitHub\\repath-be\\controller\\commentController.js": {"path":"C:\\Users\\siska\\OneDrive\\Documents\\GitHub\\repath-be\\controller\\commentController.js","statementMap":{"0":{"start":{"line":1,"column":21},"end":{"line":1,"column":39}},"1":{"start":{"line":2,"column":18},"end":{"line":2,"column":48}},"2":{"start":{"line":3,"column":21},"end":{"line":3,"column":54}},"3":{"start":{"line":4,"column":18},"end":{"line":4,"column":48}},"4":{"start":{"line":8,"column":8},"end":{"line":18,"column":9}},"5":{"start":{"line":9,"column":31},"end":{"line":9,"column":41}},"6":{"start":{"line":11,"column":29},"end":{"line":11,"column":71}},"7":{"start":{"line":13,"column":12},"end":{"line":13,"column":54}},"8":{"start":{"line":13,"column":27},"end":{"line":13,"column":54}},"9":{"start":{"line":15,"column":12},"end":{"line":15,"column":43}},"10":{"start":{"line":17,"column":12},"end":{"line":17,"column":22}},"11":{"start":{"line":22,"column":8},"end":{"line":49,"column":9}},"12":{"start":{"line":23,"column":31},"end":{"line":23,"column":41}},"13":{"start":{"line":24,"column":32},"end":{"line":24,"column":40}},"14":{"start":{"line":25,"column":27},"end":{"line":25,"column":38}},"15":{"start":{"line":27,"column":25},"end":{"line":27,"column":66}},"16":{"start":{"line":28,"column":12},"end":{"line":28,"column":50}},"17":{"start":{"line":28,"column":23},"end":{"line":28,"column":50}},"18":{"start":{"line":30,"column":25},"end":{"line":30,"column":57}},"19":{"start":{"line":31,"column":30},"end":{"line":31,"column":57}},"20":{"start":{"line":32,"column":12},"end":{"line":34,"column":13}},"21":{"start":{"line":33,"column":14},"end":{"line":33,"column":47}},"22":{"start":{"line":36,"column":31},"end":{"line":36,"column":85}},"23":{"start":{"line":38,"column":12},"end":{"line":43,"column":15}},"24":{"start":{"line":45,"column":12},"end":{"line":45,"column":45}},"25":{"start":{"line":47,"column":12},"end":{"line":47,"column":29}},"26":{"start":{"line":48,"column":12},"end":{"line":48,"column":22}},"27":{"start":{"line":53,"column":8},"end":{"line":61,"column":9}},"28":{"start":{"line":54,"column":23},"end":{"line":54,"column":36}},"29":{"start":{"line":55,"column":28},"end":{"line":55,"column":72}},"30":{"start":{"line":56,"column":12},"end":{"line":56,"column":53}},"31":{"start":{"line":56,"column":26},"end":{"line":56,"column":53}},"32":{"start":{"line":58,"column":12},"end":{"line":58,"column":41}},"33":{"start":{"line":60,"column":12},"end":{"line":60,"column":22}},"34":{"start":{"line":65,"column":8},"end":{"line":77,"column":9}},"35":{"start":{"line":66,"column":23},"end":{"line":66,"column":36}},"36":{"start":{"line":68,"column":28},"end":{"line":68,"column":65}},"37":{"start":{"line":69,"column":12},"end":{"line":69,"column":53}},"38":{"start":{"line":69,"column":26},"end":{"line":69,"column":53}},"39":{"start":{"line":71,"column":12},"end":{"line":71,"column":61}},"40":{"start":{"line":72,"column":35},"end":{"line":72,"column":76}},"41":{"start":{"line":74,"column":12},"end":{"line":74,"column":48}},"42":{"start":{"line":76,"column":12},"end":{"line":76,"column":22}},"43":{"start":{"line":81,"column":8},"end":{"line":104,"column":9}},"44":{"start":{"line":82,"column":23},"end":{"line":82,"column":36}},"45":{"start":{"line":83,"column":27},"end":{"line":83,"column":38}},"46":{"start":{"line":85,"column":35},"end":{"line":85,"column":73}},"47":{"start":{"line":86,"column":12},"end":{"line":86,"column":84}},"48":{"start":{"line":87,"column":12},"end":{"line":89,"column":13}},"49":{"start":{"line":88,"column":16},"end":{"line":88,"column":41}},"50":{"start":{"line":91,"column":12},"end":{"line":91,"column":60}},"51":{"start":{"line":91,"column":33},"end":{"line":91,"column":60}},"52":{"start":{"line":93,"column":12},"end":{"line":93,"column":52}},"53":{"start":{"line":95,"column":12},"end":{"line":98,"column":15}},"54":{"start":{"line":100,"column":12},"end":{"line":100,"column":48}},"55":{"start":{"line":102,"column":12},"end":{"line":102,"column":42}},"56":{"start":{"line":103,"column":12},"end":{"line":103,"column":22}},"57":{"start":{"line":109,"column":0},"end":{"line":109,"column":24}}},"fnMap":{"0":{"name":"(anonymous_0)","decl":{"start":{"line":7,"column":4},"end":{"line":7,"column":5}},"loc":{"start":{"line":7,"column":45},"end":{"line":19,"column":5}},"line":7},"1":{"name":"(anonymous_1)","decl":{"start":{"line":21,"column":4},"end":{"line":21,"column":5}},"loc":{"start":{"line":21,"column":44},"end":{"line":50,"column":5}},"line":21},"2":{"name":"(anonymous_2)","decl":{"start":{"line":52,"column":4},"end":{"line":52,"column":5}},"loc":{"start":{"line":52,"column":45},"end":{"line":62,"column":5}},"line":52},"3":{"name":"(anonymous_3)","decl":{"start":{"line":64,"column":4},"end":{"line":64,"column":5}},"loc":{"start":{"line":64,"column":45},"end":{"line":78,"column":5}},"line":64},"4":{"name":"(anonymous_4)","decl":{"start":{"line":80,"column":4},"end":{"line":80,"column":5}},"loc":{"start":{"line":80,"column":47},"end":{"line":105,"column":5}},"line":80}},"branchMap":{"0":{"loc":{"start":{"line":13,"column":12},"end":{"line":13,"column":54}},"type":"if","locations":[{"start":{"line":13,"column":12},"end":{"line":13,"column":54}},{"start":{},"end":{}}],"line":13},"1":{"loc":{"start":{"line":28,"column":12},"end":{"line":28,"column":50}},"type":"if","locations":[{"start":{"line":28,"column":12},"end":{"line":28,"column":50}},{"start":{},"end":{}}],"line":28},"2":{"loc":{"start":{"line":32,"column":12},"end":{"line":34,"column":13}},"type":"if","locations":[{"start":{"line":32,"column":12},"end":{"line":34,"column":13}},{"start":{},"end":{}}],"line":32},"3":{"loc":{"start":{"line":56,"column":12},"end":{"line":56,"column":53}},"type":"if","locations":[{"start":{"line":56,"column":12},"end":{"line":56,"column":53}},{"start":{},"end":{}}],"line":56},"4":{"loc":{"start":{"line":69,"column":12},"end":{"line":69,"column":53}},"type":"if","locations":[{"start":{"line":69,"column":12},"end":{"line":69,"column":53}},{"start":{},"end":{}}],"line":69},"5":{"loc":{"start":{"line":87,"column":12},"end":{"line":89,"column":13}},"type":"if","locations":[{"start":{"line":87,"column":12},"end":{"line":89,"column":13}},{"start":{},"end":{}}],"line":87},"6":{"loc":{"start":{"line":91,"column":12},"end":{"line":91,"column":60}},"type":"if","locations":[{"start":{"line":91,"column":12},"end":{"line":91,"column":60}},{"start":{},"end":{}}],"line":91}},"s":{"0":1,"1":1,"2":1,"3":1,"4":2,"5":2,"6":2,"7":2,"8":0,"9":2,"10":0,"11":1,"12":1,"13":1,"14":1,"15":1,"16":1,"17":0,"18":1,"19":1,"20":1,"21":0,"22":1,"23":1,"24":1,"25":0,"26":0,"27":0,"28":0,"29":0,"30":0,"31":0,"32":0,"33":0,"34":1,"35":1,"36":1,"37":1,"38":0,"39":1,"40":1,"41":1,"42":0,"43":2,"44":2,"45":2,"46":2,"47":2,"48":1,"49":0,"50":1,"51":0,"52":1,"53":1,"54":1,"55":1,"56":1,"57":1},"f":{"0":2,"1":1,"2":0,"3":1,"4":2},"b":{"0":[0,2],"1":[0,1],"2":[0,1],"3":[0,0],"4":[0,1],"5":[0,1],"6":[0,1]},"_coverageSchema":"1a1c01bbd47fc00a2c39e90264f33305004495a9","hash":"6960d3a1e4997860c2987d74a6b0ca63d2cd7e9d"}
,"C:\\Users\\siska\\OneDrive\\Documents\\GitHub\\repath-be\\controller\\fetchcontroller.js": {"path":"C:\\Users\\siska\\OneDrive\\Documents\\GitHub\\repath-be\\controller\\fetchcontroller.js","statementMap":{"0":{"start":{"line":1,"column":14},"end":{"line":1,"column":30}},"1":{"start":{"line":5,"column":8},"end":{"line":31,"column":9}},"2":{"start":{"line":6,"column":28},"end":{"line":6,"column":36}},"3":{"start":{"line":8,"column":27},"end":{"line":16,"column":14}},"4":{"start":{"line":17,"column":27},"end":{"line":17,"column":49}},"5":{"start":{"line":18,"column":28},"end":{"line":18,"column":30}},"6":{"start":{"line":19,"column":12},"end":{"line":26,"column":14}},"7":{"start":{"line":20,"column":30},"end":{"line":20,"column":32}},"8":{"start":{"line":21,"column":16},"end":{"line":21,"column":38}},"9":{"start":{"line":22,"column":16},"end":{"line":22,"column":45}},"10":{"start":{"line":23,"column":16},"end":{"line":23,"column":48}},"11":{"start":{"line":24,"column":16},"end":{"line":24,"column":53}},"12":{"start":{"line":25,"column":16},"end":{"line":25,"column":35}},"13":{"start":{"line":27,"column":12},"end":{"line":27,"column":41}},"14":{"start":{"line":30,"column":12},"end":{"line":30,"column":22}},"15":{"start":{"line":35,"column":8},"end":{"line":54,"column":9}},"16":{"start":{"line":36,"column":31},"end":{"line":36,"column":39}},"17":{"start":{"line":37,"column":27},"end":{"line":40,"column":14}},"18":{"start":{"line":41,"column":27},"end":{"line":41,"column":52}},"19":{"start":{"line":42,"column":28},"end":{"line":42,"column":30}},"20":{"start":{"line":43,"column":12},"end":{"line":49,"column":14}},"21":{"start":{"line":44,"column":29},"end":{"line":44,"column":31}},"22":{"start":{"line":45,"column":16},"end":{"line":45,"column":39}},"23":{"start":{"line":46,"column":16},"end":{"line":46,"column":39}},"24":{"start":{"line":47,"column":16},"end":{"line":47,"column":46}},"25":{"start":{"line":48,"column":16},"end":{"line":48,"column":34}},"26":{"start":{"line":51,"column":12},"end":{"line":51,"column":41}},"27":{"start":{"line":53,"column":12},"end":{"line":53,"column":22}},"28":{"start":{"line":58,"column":0},"end":{"line":58,"column":23}}},"fnMap":{"0":{"name":"(anonymous_0)","decl":{"start":{"line":4,"column":4},"end":{"line":4,"column":5}},"loc":{"start":{"line":4,"column":46},"end":{"line":32,"column":5}},"line":4},"1":{"name":"(anonymous_1)","decl":{"start":{"line":19,"column":22},"end":{"line":19,"column":23}},"loc":{"start":{"line":19,"column":26},"end":{"line":26,"column":13}},"line":19},"2":{"name":"(anonymous_2)","decl":{"start":{"line":34,"column":4},"end":{"line":34,"column":5}},"loc":{"start":{"line":34,"column":50},"end":{"line":55,"column":5}},"line":34},"3":{"name":"(anonymous_3)","decl":{"start":{"line":43,"column":22},"end":{"line":43,"column":23}},"loc":{"start":{"line":43,"column":26},"end":{"line":49,"column":13}},"line":43}},"branchMap":{},"s":{"0":1,"1":0,"2":0,"3":0,"4":0,"5":0,"6":0,"7":0,"8":0,"9":0,"10":0,"11":0,"12":0,"13":0,"14":0,"15":0,"16":0,"17":0,"18":0,"19":0,"20":0,"21":0,"22":0,"23":0,"24":0,"25":0,"26":0,"27":0,"28":1},"f":{"0":0,"1":0,"2":0,"3":0},"b":{},"_coverageSchema":"1a1c01bbd47fc00a2c39e90264f33305004495a9","hash":"5f9a24d1d795fa7b5a7bf59aee6b4e9eecd024a9"}
,"C:\\Users\\siska\\OneDrive\\Documents\\GitHub\\repath-be\\controller\\followController.js": {"path":"C:\\Users\\siska\\OneDrive\\Documents\\GitHub\\repath-be\\controller\\followController.js","statementMap":{"0":{"start":{"line":1,"column":20},"end":{"line":1,"column":52}},"1":{"start":{"line":2,"column":18},"end":{"line":2,"column":48}},"2":{"start":{"line":6,"column":8},"end":{"line":13,"column":9}},"3":{"start":{"line":7,"column":23},"end":{"line":7,"column":34}},"4":{"start":{"line":8,"column":28},"end":{"line":8,"column":95}},"5":{"start":{"line":10,"column":12},"end":{"line":10,"column":41}},"6":{"start":{"line":12,"column":12},"end":{"line":12,"column":22}},"7":{"start":{"line":17,"column":8},"end":{"line":41,"column":9}},"8":{"start":{"line":18,"column":23},"end":{"line":18,"column":34}},"9":{"start":{"line":19,"column":29},"end":{"line":19,"column":48}},"10":{"start":{"line":21,"column":32},"end":{"line":24,"column":14}},"11":{"start":{"line":26,"column":12},"end":{"line":28,"column":13}},"12":{"start":{"line":27,"column":16},"end":{"line":27,"column":75}},"13":{"start":{"line":29,"column":12},"end":{"line":31,"column":13}},"14":{"start":{"line":30,"column":16},"end":{"line":30,"column":73}},"15":{"start":{"line":33,"column":30},"end":{"line":36,"column":14}},"16":{"start":{"line":38,"column":12},"end":{"line":38,"column":43}},"17":{"start":{"line":40,"column":12},"end":{"line":40,"column":22}},"18":{"start":{"line":45,"column":8},"end":{"line":64,"column":9}},"19":{"start":{"line":46,"column":23},"end":{"line":46,"column":34}},"20":{"start":{"line":47,"column":29},"end":{"line":47,"column":48}},"21":{"start":{"line":49,"column":30},"end":{"line":52,"column":14}},"22":{"start":{"line":53,"column":12},"end":{"line":55,"column":13}},"23":{"start":{"line":54,"column":16},"end":{"line":54,"column":40}},"24":{"start":{"line":56,"column":12},"end":{"line":59,"column":14}},"25":{"start":{"line":61,"column":12},"end":{"line":61,"column":43}},"26":{"start":{"line":63,"column":12},"end":{"line":63,"column":22}},"27":{"start":{"line":68,"column":8},"end":{"line":75,"column":9}},"28":{"start":{"line":69,"column":23},"end":{"line":69,"column":34}},"29":{"start":{"line":70,"column":28},"end":{"line":70,"column":95}},"30":{"start":{"line":71,"column":12},"end":{"line":71,"column":42}},"31":{"start":{"line":72,"column":12},"end":{"line":72,"column":41}},"32":{"start":{"line":74,"column":12},"end":{"line":74,"column":22}},"33":{"start":{"line":79,"column":0},"end":{"line":79,"column":23}}},"fnMap":{"0":{"name":"(anonymous_0)","decl":{"start":{"line":5,"column":4},"end":{"line":5,"column":5}},"loc":{"start":{"line":5,"column":45},"end":{"line":14,"column":5}},"line":5},"1":{"name":"(anonymous_1)","decl":{"start":{"line":16,"column":4},"end":{"line":16,"column":5}},"loc":{"start":{"line":16,"column":42},"end":{"line":42,"column":5}},"line":16},"2":{"name":"(anonymous_2)","decl":{"start":{"line":44,"column":4},"end":{"line":44,"column":5}},"loc":{"start":{"line":44,"column":45},"end":{"line":65,"column":5}},"line":44},"3":{"name":"(anonymous_3)","decl":{"start":{"line":67,"column":4},"end":{"line":67,"column":5}},"loc":{"start":{"line":67,"column":47},"end":{"line":76,"column":5}},"line":67}},"branchMap":{"0":{"loc":{"start":{"line":26,"column":12},"end":{"line":28,"column":13}},"type":"if","locations":[{"start":{"line":26,"column":12},"end":{"line":28,"column":13}},{"start":{},"end":{}}],"line":26},"1":{"loc":{"start":{"line":29,"column":12},"end":{"line":31,"column":13}},"type":"if","locations":[{"start":{"line":29,"column":12},"end":{"line":31,"column":13}},{"start":{},"end":{}}],"line":29},"2":{"loc":{"start":{"line":53,"column":12},"end":{"line":55,"column":13}},"type":"if","locations":[{"start":{"line":53,"column":12},"end":{"line":55,"column":13}},{"start":{},"end":{}}],"line":53}},"s":{"0":1,"1":1,"2":0,"3":0,"4":0,"5":0,"6":0,"7":0,"8":0,"9":0,"10":0,"11":0,"12":0,"13":0,"14":0,"15":0,"16":0,"17":0,"18":0,"19":0,"20":0,"21":0,"22":0,"23":0,"24":0,"25":0,"26":0,"27":0,"28":0,"29":0,"30":0,"31":0,"32":0,"33":1},"f":{"0":0,"1":0,"2":0,"3":0},"b":{"0":[0,0],"1":[0,0],"2":[0,0]},"_coverageSchema":"1a1c01bbd47fc00a2c39e90264f33305004495a9","hash":"ae07e109fa699a1d42399e2ecd317169b7522dc2"}
,"C:\\Users\\siska\\OneDrive\\Documents\\GitHub\\repath-be\\controller\\friendController.js": {"path":"C:\\Users\\siska\\OneDrive\\Documents\\GitHub\\repath-be\\controller\\friendController.js","statementMap":{"0":{"start":{"line":1,"column":21},"end":{"line":1,"column":39}},"1":{"start":{"line":2,"column":20},"end":{"line":2,"column":52}},"2":{"start":{"line":3,"column":18},"end":{"line":3,"column":48}},"3":{"start":{"line":7,"column":8},"end":{"line":32,"column":9}},"4":{"start":{"line":8,"column":25},"end":{"line":8,"column":33}},"5":{"start":{"line":10,"column":28},"end":{"line":16,"column":19}},"6":{"start":{"line":18,"column":26},"end":{"line":18,"column":28}},"7":{"start":{"line":20,"column":12},"end":{"line":26,"column":14}},"8":{"start":{"line":21,"column":16},"end":{"line":25,"column":17}},"9":{"start":{"line":22,"column":18},"end":{"line":22,"column":47}},"10":{"start":{"line":23,"column":23},"end":{"line":25,"column":17}},"11":{"start":{"line":24,"column":18},"end":{"line":24,"column":45}},"12":{"start":{"line":28,"column":12},"end":{"line":28,"column":41}},"13":{"start":{"line":30,"column":12},"end":{"line":30,"column":31}},"14":{"start":{"line":31,"column":12},"end":{"line":31,"column":23}},"15":{"start":{"line":36,"column":8},"end":{"line":49,"column":9}},"16":{"start":{"line":37,"column":25},"end":{"line":37,"column":33}},"17":{"start":{"line":38,"column":29},"end":{"line":38,"column":39}},"18":{"start":{"line":40,"column":28},"end":{"line":44,"column":14}},"19":{"start":{"line":46,"column":12},"end":{"line":46,"column":41}},"20":{"start":{"line":48,"column":12},"end":{"line":48,"column":23}},"21":{"start":{"line":53,"column":8},"end":{"line":60,"column":9}},"22":{"start":{"line":54,"column":25},"end":{"line":54,"column":33}},"23":{"start":{"line":55,"column":26},"end":{"line":55,"column":98}},"24":{"start":{"line":57,"column":12},"end":{"line":57,"column":41}},"25":{"start":{"line":59,"column":12},"end":{"line":59,"column":23}},"26":{"start":{"line":64,"column":8},"end":{"line":104,"column":9}},"27":{"start":{"line":65,"column":25},"end":{"line":65,"column":33}},"28":{"start":{"line":66,"column":28},"end":{"line":66,"column":38}},"29":{"start":{"line":67,"column":12},"end":{"line":67,"column":31}},"30":{"start":{"line":69,"column":30},"end":{"line":69,"column":63}},"31":{"start":{"line":71,"column":12},"end":{"line":74,"column":13}},"32":{"start":{"line":72,"column":16},"end":{"line":72,"column":39}},"33":{"start":{"line":73,"column":16},"end":{"line":73,"column":41}},"34":{"start":{"line":76,"column":12},"end":{"line":78,"column":13}},"35":{"start":{"line":77,"column":16},"end":{"line":77,"column":40}},"36":{"start":{"line":80,"column":28},"end":{"line":84,"column":18}},"37":{"start":{"line":86,"column":12},"end":{"line":91,"column":19}},"38":{"start":{"line":92,"column":12},"end":{"line":97,"column":19}},"39":{"start":{"line":99,"column":12},"end":{"line":99,"column":32}},"40":{"start":{"line":100,"column":12},"end":{"line":100,"column":41}},"41":{"start":{"line":102,"column":12},"end":{"line":102,"column":31}},"42":{"start":{"line":103,"column":12},"end":{"line":103,"column":23}},"43":{"start":{"line":108,"column":8},"end":{"line":129,"column":9}},"44":{"start":{"line":109,"column":25},"end":{"line":109,"column":33}},"45":{"start":{"line":110,"column":30},"end":{"line":110,"column":40}},"46":{"start":{"line":112,"column":27},"end":{"line":112,"column":76}},"47":{"start":{"line":114,"column":12},"end":{"line":116,"column":13}},"48":{"start":{"line":115,"column":16},"end":{"line":115,"column":42}},"49":{"start":{"line":118,"column":12},"end":{"line":121,"column":13}},"50":{"start":{"line":120,"column":16},"end":{"line":120,"column":41}},"51":{"start":{"line":123,"column":12},"end":{"line":123,"column":65}},"52":{"start":{"line":125,"column":12},"end":{"line":125,"column":40}},"53":{"start":{"line":127,"column":12},"end":{"line":127,"column":55}},"54":{"start":{"line":128,"column":12},"end":{"line":128,"column":23}},"55":{"start":{"line":133,"column":0},"end":{"line":133,"column":23}}},"fnMap":{"0":{"name":"(anonymous_0)","decl":{"start":{"line":6,"column":4},"end":{"line":6,"column":5}},"loc":{"start":{"line":6,"column":44},"end":{"line":33,"column":5}},"line":6},"1":{"name":"(anonymous_1)","decl":{"start":{"line":20,"column":36},"end":{"line":20,"column":37}},"loc":{"start":{"line":20,"column":46},"end":{"line":26,"column":13}},"line":20},"2":{"name":"(anonymous_2)","decl":{"start":{"line":35,"column":4},"end":{"line":35,"column":5}},"loc":{"start":{"line":35,"column":42},"end":{"line":50,"column":5}},"line":35},"3":{"name":"(anonymous_3)","decl":{"start":{"line":52,"column":4},"end":{"line":52,"column":5}},"loc":{"start":{"line":52,"column":43},"end":{"line":61,"column":5}},"line":52},"4":{"name":"(anonymous_4)","decl":{"start":{"line":63,"column":4},"end":{"line":63,"column":5}},"loc":{"start":{"line":63,"column":42},"end":{"line":105,"column":5}},"line":63},"5":{"name":"(anonymous_5)","decl":{"start":{"line":107,"column":4},"end":{"line":107,"column":5}},"loc":{"start":{"line":107,"column":42},"end":{"line":130,"column":5}},"line":107}},"branchMap":{"0":{"loc":{"start":{"line":21,"column":16},"end":{"line":25,"column":17}},"type":"if","locations":[{"start":{"line":21,"column":16},"end":{"line":25,"column":17}},{"start":{"line":23,"column":23},"end":{"line":25,"column":17}}],"line":21},"1":{"loc":{"start":{"line":21,"column":19},"end":{"line":21,"column":81}},"type":"binary-expr","locations":[{"start":{"line":21,"column":19},"end":{"line":21,"column":64}},{"start":{"line":21,"column":68},"end":{"line":21,"column":81}}],"line":21},"2":{"loc":{"start":{"line":23,"column":23},"end":{"line":25,"column":17}},"type":"if","locations":[{"start":{"line":23,"column":23},"end":{"line":25,"column":17}},{"start":{},"end":{}}],"line":23},"3":{"loc":{"start":{"line":23,"column":27},"end":{"line":23,"column":91}},"type":"binary-expr","locations":[{"start":{"line":23,"column":27},"end":{"line":23,"column":74}},{"start":{"line":23,"column":78},"end":{"line":23,"column":91}}],"line":23},"4":{"loc":{"start":{"line":71,"column":12},"end":{"line":74,"column":13}},"type":"if","locations":[{"start":{"line":71,"column":12},"end":{"line":74,"column":13}},{"start":{},"end":{}}],"line":71},"5":{"loc":{"start":{"line":76,"column":12},"end":{"line":78,"column":13}},"type":"if","locations":[{"start":{"line":76,"column":12},"end":{"line":78,"column":13}},{"start":{},"end":{}}],"line":76},"6":{"loc":{"start":{"line":114,"column":12},"end":{"line":116,"column":13}},"type":"if","locations":[{"start":{"line":114,"column":12},"end":{"line":116,"column":13}},{"start":{},"end":{}}],"line":114},"7":{"loc":{"start":{"line":118,"column":12},"end":{"line":121,"column":13}},"type":"if","locations":[{"start":{"line":118,"column":12},"end":{"line":121,"column":13}},{"start":{},"end":{}}],"line":118},"8":{"loc":{"start":{"line":118,"column":15},"end":{"line":119,"column":57}},"type":"binary-expr","locations":[{"start":{"line":118,"column":15},"end":{"line":118,"column":59}},{"start":{"line":119,"column":15},"end":{"line":119,"column":57}}],"line":118}},"s":{"0":1,"1":1,"2":1,"3":0,"4":0,"5":0,"6":0,"7":0,"8":0,"9":0,"10":0,"11":0,"12":0,"13":0,"14":0,"15":0,"16":0,"17":0,"18":0,"19":0,"20":0,"21":0,"22":0,"23":0,"24":0,"25":0,"26":0,"27":0,"28":0,"29":0,"30":0,"31":0,"32":0,"33":0,"34":0,"35":0,"36":0,"37":0,"38":0,"39":0,"40":0,"41":0,"42":0,"43":0,"44":0,"45":0,"46":0,"47":0,"48":0,"49":0,"50":0,"51":0,"52":0,"53":0,"54":0,"55":1},"f":{"0":0,"1":0,"2":0,"3":0,"4":0,"5":0},"b":{"0":[0,0],"1":[0,0],"2":[0,0],"3":[0,0],"4":[0,0],"5":[0,0],"6":[0,0],"7":[0,0],"8":[0,0]},"_coverageSchema":"1a1c01bbd47fc00a2c39e90264f33305004495a9","hash":"c6ae636c44dbeb09c9710ab928c4de1274b5b8b3"}
,"C:\\Users\\siska\\OneDrive\\Documents\\GitHub\\repath-be\\controller\\likesController.js": {"path":"C:\\Users\\siska\\OneDrive\\Documents\\GitHub\\repath-be\\controller\\likesController.js","statementMap":{"0":{"start":{"line":1,"column":18},"end":{"line":1,"column":49}},"1":{"start":{"line":2,"column":18},"end":{"line":2,"column":48}},"2":{"start":{"line":3,"column":18},"end":{"line":3,"column":48}},"3":{"start":{"line":4,"column":21},"end":{"line":4,"column":39}},"4":{"start":{"line":8,"column":8},"end":{"line":17,"column":9}},"5":{"start":{"line":9,"column":31},"end":{"line":9,"column":41}},"6":{"start":{"line":11,"column":26},"end":{"line":11,"column":73}},"7":{"start":{"line":12,"column":12},"end":{"line":12,"column":51}},"8":{"start":{"line":12,"column":24},"end":{"line":12,"column":51}},"9":{"start":{"line":14,"column":12},"end":{"line":14,"column":39}},"10":{"start":{"line":16,"column":12},"end":{"line":16,"column":22}},"11":{"start":{"line":21,"column":8},"end":{"line":30,"column":9}},"12":{"start":{"line":22,"column":31},"end":{"line":22,"column":41}},"13":{"start":{"line":24,"column":26},"end":{"line":24,"column":73}},"14":{"start":{"line":25,"column":12},"end":{"line":25,"column":51}},"15":{"start":{"line":25,"column":24},"end":{"line":25,"column":51}},"16":{"start":{"line":27,"column":12},"end":{"line":27,"column":40}},"17":{"start":{"line":29,"column":12},"end":{"line":29,"column":22}},"18":{"start":{"line":34,"column":8},"end":{"line":70,"column":9}},"19":{"start":{"line":35,"column":31},"end":{"line":35,"column":41}},"20":{"start":{"line":36,"column":27},"end":{"line":36,"column":38}},"21":{"start":{"line":37,"column":25},"end":{"line":37,"column":66}},"22":{"start":{"line":38,"column":12},"end":{"line":38,"column":50}},"23":{"start":{"line":38,"column":23},"end":{"line":38,"column":50}},"24":{"start":{"line":40,"column":26},"end":{"line":40,"column":56}},"25":{"start":{"line":41,"column":12},"end":{"line":41,"column":51}},"26":{"start":{"line":41,"column":24},"end":{"line":41,"column":51}},"27":{"start":{"line":43,"column":12},"end":{"line":47,"column":15}},"28":{"start":{"line":44,"column":14},"end":{"line":46,"column":15}},"29":{"start":{"line":45,"column":16},"end":{"line":45,"column":43}},"30":{"start":{"line":49,"column":25},"end":{"line":49,"column":57}},"31":{"start":{"line":50,"column":12},"end":{"line":50,"column":50}},"32":{"start":{"line":50,"column":23},"end":{"line":50,"column":50}},"33":{"start":{"line":52,"column":27},"end":{"line":52,"column":72}},"34":{"start":{"line":53,"column":12},"end":{"line":55,"column":13}},"35":{"start":{"line":54,"column":14},"end":{"line":54,"column":44}},"36":{"start":{"line":57,"column":25},"end":{"line":57,"column":57}},"37":{"start":{"line":59,"column":12},"end":{"line":64,"column":14}},"38":{"start":{"line":66,"column":12},"end":{"line":66,"column":39}},"39":{"start":{"line":68,"column":12},"end":{"line":68,"column":57}},"40":{"start":{"line":69,"column":12},"end":{"line":69,"column":22}},"41":{"start":{"line":85,"column":8},"end":{"line":100,"column":9}},"42":{"start":{"line":86,"column":27},"end":{"line":86,"column":37}},"43":{"start":{"line":87,"column":25},"end":{"line":87,"column":53}},"44":{"start":{"line":88,"column":12},"end":{"line":88,"column":50}},"45":{"start":{"line":88,"column":23},"end":{"line":88,"column":50}},"46":{"start":{"line":90,"column":12},"end":{"line":90,"column":49}},"47":{"start":{"line":92,"column":12},"end":{"line":95,"column":15}},"48":{"start":{"line":97,"column":12},"end":{"line":97,"column":62}},"49":{"start":{"line":99,"column":12},"end":{"line":99,"column":21}},"50":{"start":{"line":104,"column":0},"end":{"line":104,"column":21}}},"fnMap":{"0":{"name":"(anonymous_0)","decl":{"start":{"line":7,"column":4},"end":{"line":7,"column":5}},"loc":{"start":{"line":7,"column":42},"end":{"line":18,"column":5}},"line":7},"1":{"name":"(anonymous_1)","decl":{"start":{"line":20,"column":4},"end":{"line":20,"column":5}},"loc":{"start":{"line":20,"column":48},"end":{"line":31,"column":5}},"line":20},"2":{"name":"(anonymous_2)","decl":{"start":{"line":33,"column":4},"end":{"line":33,"column":5}},"loc":{"start":{"line":33,"column":40},"end":{"line":71,"column":5}},"line":33},"3":{"name":"(anonymous_3)","decl":{"start":{"line":43,"column":26},"end":{"line":43,"column":27}},"loc":{"start":{"line":43,"column":34},"end":{"line":47,"column":13}},"line":43},"4":{"name":"(anonymous_4)","decl":{"start":{"line":84,"column":4},"end":{"line":84,"column":5}},"loc":{"start":{"line":84,"column":43},"end":{"line":101,"column":5}},"line":84}},"branchMap":{"0":{"loc":{"start":{"line":12,"column":12},"end":{"line":12,"column":51}},"type":"if","locations":[{"start":{"line":12,"column":12},"end":{"line":12,"column":51}},{"start":{},"end":{}}],"line":12},"1":{"loc":{"start":{"line":25,"column":12},"end":{"line":25,"column":51}},"type":"if","locations":[{"start":{"line":25,"column":12},"end":{"line":25,"column":51}},{"start":{},"end":{}}],"line":25},"2":{"loc":{"start":{"line":38,"column":12},"end":{"line":38,"column":50}},"type":"if","locations":[{"start":{"line":38,"column":12},"end":{"line":38,"column":50}},{"start":{},"end":{}}],"line":38},"3":{"loc":{"start":{"line":41,"column":12},"end":{"line":41,"column":51}},"type":"if","locations":[{"start":{"line":41,"column":12},"end":{"line":41,"column":51}},{"start":{},"end":{}}],"line":41},"4":{"loc":{"start":{"line":44,"column":14},"end":{"line":46,"column":15}},"type":"if","locations":[{"start":{"line":44,"column":14},"end":{"line":46,"column":15}},{"start":{},"end":{}}],"line":44},"5":{"loc":{"start":{"line":50,"column":12},"end":{"line":50,"column":50}},"type":"if","locations":[{"start":{"line":50,"column":12},"end":{"line":50,"column":50}},{"start":{},"end":{}}],"line":50},"6":{"loc":{"start":{"line":53,"column":12},"end":{"line":55,"column":13}},"type":"if","locations":[{"start":{"line":53,"column":12},"end":{"line":55,"column":13}},{"start":{},"end":{}}],"line":53},"7":{"loc":{"start":{"line":88,"column":12},"end":{"line":88,"column":50}},"type":"if","locations":[{"start":{"line":88,"column":12},"end":{"line":88,"column":50}},{"start":{},"end":{}}],"line":88}},"s":{"0":1,"1":1,"2":1,"3":1,"4":0,"5":0,"6":0,"7":0,"8":0,"9":0,"10":0,"11":0,"12":0,"13":0,"14":0,"15":0,"16":0,"17":0,"18":0,"19":0,"20":0,"21":0,"22":0,"23":0,"24":0,"25":0,"26":0,"27":0,"28":0,"29":0,"30":0,"31":0,"32":0,"33":0,"34":0,"35":0,"36":0,"37":0,"38":0,"39":0,"40":0,"41":0,"42":0,"43":0,"44":0,"45":0,"46":0,"47":0,"48":0,"49":0,"50":1},"f":{"0":0,"1":0,"2":0,"3":0,"4":0},"b":{"0":[0,0],"1":[0,0],"2":[0,0],"3":[0,0],"4":[0,0],"5":[0,0],"6":[0,0],"7":[0,0]},"_coverageSchema":"1a1c01bbd47fc00a2c39e90264f33305004495a9","hash":"f5ab91682393a655d7b8c957317a6f1fb8bec4c0"}
,"C:\\Users\\siska\\OneDrive\\Documents\\GitHub\\repath-be\\controller\\postController.js": {"path":"C:\\Users\\siska\\OneDrive\\Documents\\GitHub\\repath-be\\controller\\postController.js","statementMap":{"0":{"start":{"line":1,"column":10},"end":{"line":1,"column":28}},"1":{"start":{"line":2,"column":18},"end":{"line":2,"column":48}},"2":{"start":{"line":3,"column":18},"end":{"line":3,"column":49}},"3":{"start":{"line":4,"column":20},"end":{"line":4,"column":52}},"4":{"start":{"line":5,"column":18},"end":{"line":5,"column":48}},"5":{"start":{"line":6,"column":21},"end":{"line":6,"column":54}},"6":{"start":{"line":10,"column":8},"end":{"line":35,"column":9}},"7":{"start":{"line":11,"column":25},"end":{"line":11,"column":27}},"8":{"start":{"line":12,"column":28},"end":{"line":12,"column":77}},"9":{"start":{"line":14,"column":12},"end":{"line":16,"column":15}},"10":{"start":{"line":15,"column":14},"end":{"line":15,"column":43}},"11":{"start":{"line":18,"column":26},"end":{"line":18,"column":185}},"12":{"start":{"line":32,"column":12},"end":{"line":32,"column":40}},"13":{"start":{"line":34,"column":12},"end":{"line":34,"column":22}},"14":{"start":{"line":39,"column":8},"end":{"line":73,"column":9}},"15":{"start":{"line":40,"column":82},"end":{"line":40,"column":90}},"16":{"start":{"line":41,"column":27},"end":{"line":41,"column":38}},"17":{"start":{"line":42,"column":26},"end":{"line":45,"column":13}},"18":{"start":{"line":47,"column":12},"end":{"line":59,"column":13}},"19":{"start":{"line":48,"column":15},"end":{"line":48,"column":34}},"20":{"start":{"line":49,"column":15},"end":{"line":49,"column":38}},"21":{"start":{"line":50,"column":19},"end":{"line":59,"column":13}},"22":{"start":{"line":51,"column":14},"end":{"line":51,"column":41}},"23":{"start":{"line":52,"column":19},"end":{"line":59,"column":13}},"24":{"start":{"line":53,"column":16},"end":{"line":53,"column":37}},"25":{"start":{"line":54,"column":16},"end":{"line":54,"column":39}},"26":{"start":{"line":55,"column":16},"end":{"line":55,"column":47}},"27":{"start":{"line":56,"column":16},"end":{"line":56,"column":45}},"28":{"start":{"line":58,"column":16},"end":{"line":58,"column":41}},"29":{"start":{"line":61,"column":28},"end":{"line":61,"column":59}},"30":{"start":{"line":63,"column":12},"end":{"line":68,"column":15}},"31":{"start":{"line":70,"column":12},"end":{"line":70,"column":42}},"32":{"start":{"line":72,"column":12},"end":{"line":72,"column":21}},"33":{"start":{"line":89,"column":8},"end":{"line":103,"column":9}},"34":{"start":{"line":90,"column":27},"end":{"line":90,"column":37}},"35":{"start":{"line":91,"column":27},"end":{"line":91,"column":38}},"36":{"start":{"line":92,"column":25},"end":{"line":92,"column":53}},"37":{"start":{"line":93,"column":12},"end":{"line":93,"column":50}},"38":{"start":{"line":93,"column":23},"end":{"line":93,"column":50}},"39":{"start":{"line":95,"column":12},"end":{"line":95,"column":90}},"40":{"start":{"line":95,"column":62},"end":{"line":95,"column":90}},"41":{"start":{"line":97,"column":12},"end":{"line":97,"column":59}},"42":{"start":{"line":98,"column":32},"end":{"line":98,"column":67}},"43":{"start":{"line":100,"column":12},"end":{"line":100,"column":46}},"44":{"start":{"line":102,"column":12},"end":{"line":102,"column":22}},"45":{"start":{"line":107,"column":8},"end":{"line":122,"column":9}},"46":{"start":{"line":108,"column":27},"end":{"line":108,"column":37}},"47":{"start":{"line":109,"column":27},"end":{"line":109,"column":38}},"48":{"start":{"line":110,"column":25},"end":{"line":110,"column":60}},"49":{"start":{"line":111,"column":12},"end":{"line":111,"column":50}},"50":{"start":{"line":111,"column":23},"end":{"line":111,"column":50}},"51":{"start":{"line":113,"column":12},"end":{"line":113,"column":90}},"52":{"start":{"line":113,"column":62},"end":{"line":113,"column":90}},"53":{"start":{"line":115,"column":12},"end":{"line":115,"column":49}},"54":{"start":{"line":116,"column":12},"end":{"line":116,"column":55}},"55":{"start":{"line":117,"column":12},"end":{"line":117,"column":52}},"56":{"start":{"line":119,"column":12},"end":{"line":119,"column":39}},"57":{"start":{"line":121,"column":12},"end":{"line":121,"column":22}},"58":{"start":{"line":127,"column":0},"end":{"line":127,"column":21}}},"fnMap":{"0":{"name":"(anonymous_0)","decl":{"start":{"line":9,"column":4},"end":{"line":9,"column":5}},"loc":{"start":{"line":9,"column":42},"end":{"line":36,"column":5}},"line":9},"1":{"name":"(anonymous_1)","decl":{"start":{"line":14,"column":28},"end":{"line":14,"column":29}},"loc":{"start":{"line":14,"column":38},"end":{"line":16,"column":13}},"line":14},"2":{"name":"(anonymous_2)","decl":{"start":{"line":38,"column":4},"end":{"line":38,"column":5}},"loc":{"start":{"line":38,"column":40},"end":{"line":74,"column":5}},"line":38},"3":{"name":"(anonymous_3)","decl":{"start":{"line":88,"column":4},"end":{"line":88,"column":5}},"loc":{"start":{"line":88,"column":41},"end":{"line":104,"column":5}},"line":88},"4":{"name":"(anonymous_4)","decl":{"start":{"line":106,"column":4},"end":{"line":106,"column":5}},"loc":{"start":{"line":106,"column":43},"end":{"line":123,"column":5}},"line":106}},"branchMap":{"0":{"loc":{"start":{"line":47,"column":12},"end":{"line":59,"column":13}},"type":"if","locations":[{"start":{"line":47,"column":12},"end":{"line":59,"column":13}},{"start":{"line":50,"column":19},"end":{"line":59,"column":13}}],"line":47},"1":{"loc":{"start":{"line":47,"column":16},"end":{"line":47,"column":39}},"type":"binary-expr","locations":[{"start":{"line":47,"column":16},"end":{"line":47,"column":31}},{"start":{"line":47,"column":35},"end":{"line":47,"column":39}}],"line":47},"2":{"loc":{"start":{"line":50,"column":19},"end":{"line":59,"column":13}},"type":"if","locations":[{"start":{"line":50,"column":19},"end":{"line":59,"column":13}},{"start":{"line":52,"column":19},"end":{"line":59,"column":13}}],"line":50},"3":{"loc":{"start":{"line":50,"column":23},"end":{"line":50,"column":54}},"type":"binary-expr","locations":[{"start":{"line":50,"column":23},"end":{"line":50,"column":42}},{"start":{"line":50,"column":46},"end":{"line":50,"column":54}}],"line":50},"4":{"loc":{"start":{"line":52,"column":19},"end":{"line":59,"column":13}},"type":"if","locations":[{"start":{"line":52,"column":19},"end":{"line":59,"column":13}},{"start":{"line":57,"column":19},"end":{"line":59,"column":13}}],"line":52},"5":{"loc":{"start":{"line":52,"column":23},"end":{"line":52,"column":48}},"type":"binary-expr","locations":[{"start":{"line":52,"column":23},"end":{"line":52,"column":39}},{"start":{"line":52,"column":43},"end":{"line":52,"column":48}}],"line":52},"6":{"loc":{"start":{"line":93,"column":12},"end":{"line":93,"column":50}},"type":"if","locations":[{"start":{"line":93,"column":12},"end":{"line":93,"column":50}},{"start":{},"end":{}}],"line":93},"7":{"loc":{"start":{"line":95,"column":12},"end":{"line":95,"column":90}},"type":"if","locations":[{"start":{"line":95,"column":12},"end":{"line":95,"column":90}},{"start":{},"end":{}}],"line":95},"8":{"loc":{"start":{"line":111,"column":12},"end":{"line":111,"column":50}},"type":"if","locations":[{"start":{"line":111,"column":12},"end":{"line":111,"column":50}},{"start":{},"end":{}}],"line":111},"9":{"loc":{"start":{"line":113,"column":12},"end":{"line":113,"column":90}},"type":"if","locations":[{"start":{"line":113,"column":12},"end":{"line":113,"column":90}},{"start":{},"end":{}}],"line":113}},"s":{"0":1,"1":1,"2":1,"3":1,"4":1,"5":1,"6":0,"7":0,"8":0,"9":0,"10":0,"11":0,"12":0,"13":0,"14":0,"15":0,"16":0,"17":0,"18":0,"19":0,"20":0,"21":0,"22":0,"23":0,"24":0,"25":0,"26":0,"27":0,"28":0,"29":0,"30":0,"31":0,"32":0,"33":0,"34":0,"35":0,"36":0,"37":0,"38":0,"39":0,"40":0,"41":0,"42":0,"43":0,"44":0,"45":0,"46":0,"47":0,"48":0,"49":0,"50":0,"51":0,"52":0,"53":0,"54":0,"55":0,"56":0,"57":0,"58":1},"f":{"0":0,"1":0,"2":0,"3":0,"4":0},"b":{"0":[0,0],"1":[0,0],"2":[0,0],"3":[0,0],"4":[0,0],"5":[0,0],"6":[0,0],"7":[0,0],"8":[0,0],"9":[0,0]},"_coverageSchema":"1a1c01bbd47fc00a2c39e90264f33305004495a9","hash":"359b918635d84629861bbba5c31432662acc1653"}
,"C:\\Users\\siska\\OneDrive\\Documents\\GitHub\\repath-be\\controller\\userController.js": {"path":"C:\\Users\\siska\\OneDrive\\Documents\\GitHub\\repath-be\\controller\\userController.js","statementMap":{"0":{"start":{"line":1,"column":18},"end":{"line":1,"column":48}},"1":{"start":{"line":2,"column":18},"end":{"line":2,"column":48}},"2":{"start":{"line":3,"column":12},"end":{"line":3,"column":35}},"3":{"start":{"line":4,"column":18},"end":{"line":4,"column":39}},"4":{"start":{"line":8,"column":4},"end":{"line":24,"column":5}},"5":{"start":{"line":9,"column":23},"end":{"line":9,"column":32}},"6":{"start":{"line":11,"column":6},"end":{"line":21,"column":7}},"7":{"start":{"line":12,"column":22},"end":{"line":12,"column":88}},"8":{"start":{"line":13,"column":8},"end":{"line":13,"column":47}},"9":{"start":{"line":13,"column":20},"end":{"line":13,"column":47}},"10":{"start":{"line":15,"column":8},"end":{"line":15,"column":36}},"11":{"start":{"line":17,"column":22},"end":{"line":17,"column":51}},"12":{"start":{"line":18,"column":8},"end":{"line":18,"column":47}},"13":{"start":{"line":18,"column":20},"end":{"line":18,"column":47}},"14":{"start":{"line":20,"column":8},"end":{"line":20,"column":36}},"15":{"start":{"line":23,"column":6},"end":{"line":23,"column":16}},"16":{"start":{"line":28,"column":4},"end":{"line":34,"column":5}},"17":{"start":{"line":29,"column":22},"end":{"line":29,"column":54}},"18":{"start":{"line":31,"column":6},"end":{"line":31,"column":36}},"19":{"start":{"line":33,"column":6},"end":{"line":33,"column":16}},"20":{"start":{"line":38,"column":4},"end":{"line":65,"column":5}},"21":{"start":{"line":39,"column":34},"end":{"line":39,"column":42}},"22":{"start":{"line":40,"column":6},"end":{"line":41,"column":57}},"23":{"start":{"line":40,"column":18},"end":{"line":40,"column":50}},"24":{"start":{"line":41,"column":11},"end":{"line":41,"column":57}},"25":{"start":{"line":41,"column":26},"end":{"line":41,"column":57}},"26":{"start":{"line":43,"column":19},"end":{"line":43,"column":53}},"27":{"start":{"line":44,"column":6},"end":{"line":44,"column":54}},"28":{"start":{"line":44,"column":17},"end":{"line":44,"column":54}},"29":{"start":{"line":46,"column":23},"end":{"line":46,"column":60}},"30":{"start":{"line":47,"column":6},"end":{"line":47,"column":58}},"31":{"start":{"line":47,"column":21},"end":{"line":47,"column":58}},"32":{"start":{"line":49,"column":22},"end":{"line":49,"column":43}},"33":{"start":{"line":51,"column":28},"end":{"line":56,"column":7}},"34":{"start":{"line":57,"column":6},"end":{"line":57,"column":58}},"35":{"start":{"line":57,"column":23},"end":{"line":57,"column":58}},"36":{"start":{"line":58,"column":6},"end":{"line":58,"column":58}},"37":{"start":{"line":58,"column":23},"end":{"line":58,"column":58}},"38":{"start":{"line":60,"column":27},"end":{"line":60,"column":55}},"39":{"start":{"line":62,"column":6},"end":{"line":62,"column":60}},"40":{"start":{"line":64,"column":6},"end":{"line":64,"column":18}},"41":{"start":{"line":69,"column":4},"end":{"line":77,"column":5}},"42":{"start":{"line":70,"column":21},"end":{"line":70,"column":31}},"43":{"start":{"line":71,"column":19},"end":{"line":71,"column":54}},"44":{"start":{"line":72,"column":6},"end":{"line":72,"column":44}},"45":{"start":{"line":72,"column":17},"end":{"line":72,"column":44}},"46":{"start":{"line":74,"column":6},"end":{"line":74,"column":33}},"47":{"start":{"line":76,"column":6},"end":{"line":76,"column":16}},"48":{"start":{"line":81,"column":4},"end":{"line":134,"column":5}},"49":{"start":{"line":82,"column":17},"end":{"line":82,"column":28}},"50":{"start":{"line":85,"column":6},"end":{"line":105,"column":7}},"51":{"start":{"line":86,"column":8},"end":{"line":94,"column":10}},"52":{"start":{"line":96,"column":8},"end":{"line":104,"column":10}},"53":{"start":{"line":107,"column":6},"end":{"line":109,"column":7}},"54":{"start":{"line":108,"column":8},"end":{"line":108,"column":36}},"55":{"start":{"line":110,"column":19},"end":{"line":110,"column":55}},"56":{"start":{"line":112,"column":6},"end":{"line":112,"column":44}},"57":{"start":{"line":112,"column":17},"end":{"line":112,"column":44}},"58":{"start":{"line":114,"column":6},"end":{"line":126,"column":8}},"59":{"start":{"line":128,"column":26},"end":{"line":128,"column":69}},"60":{"start":{"line":130,"column":6},"end":{"line":130,"column":40}},"61":{"start":{"line":132,"column":6},"end":{"line":132,"column":38}},"62":{"start":{"line":133,"column":6},"end":{"line":133,"column":16}},"63":{"start":{"line":138,"column":4},"end":{"line":153,"column":5}},"64":{"start":{"line":139,"column":17},"end":{"line":139,"column":30}},"65":{"start":{"line":140,"column":21},"end":{"line":140,"column":32}},"66":{"start":{"line":142,"column":6},"end":{"line":142,"column":64}},"67":{"start":{"line":142,"column":36},"end":{"line":142,"column":64}},"68":{"start":{"line":144,"column":26},"end":{"line":144,"column":61}},"69":{"start":{"line":145,"column":6},"end":{"line":145,"column":51}},"70":{"start":{"line":145,"column":24},"end":{"line":145,"column":51}},"71":{"start":{"line":147,"column":6},"end":{"line":147,"column":45}},"72":{"start":{"line":148,"column":6},"end":{"line":148,"column":45}},"73":{"start":{"line":150,"column":6},"end":{"line":150,"column":88}},"74":{"start":{"line":152,"column":6},"end":{"line":152,"column":16}},"75":{"start":{"line":157,"column":0},"end":{"line":157,"column":22}}},"fnMap":{"0":{"name":"(anonymous_0)","decl":{"start":{"line":7,"column":2},"end":{"line":7,"column":3}},"loc":{"start":{"line":7,"column":41},"end":{"line":25,"column":3}},"line":7},"1":{"name":"(anonymous_1)","decl":{"start":{"line":27,"column":2},"end":{"line":27,"column":3}},"loc":{"start":{"line":27,"column":39},"end":{"line":35,"column":3}},"line":27},"2":{"name":"(anonymous_2)","decl":{"start":{"line":37,"column":2},"end":{"line":37,"column":3}},"loc":{"start":{"line":37,"column":37},"end":{"line":66,"column":3}},"line":37},"3":{"name":"(anonymous_3)","decl":{"start":{"line":68,"column":2},"end":{"line":68,"column":3}},"loc":{"start":{"line":68,"column":44},"end":{"line":78,"column":3}},"line":68},"4":{"name":"(anonymous_4)","decl":{"start":{"line":80,"column":2},"end":{"line":80,"column":3}},"loc":{"start":{"line":80,"column":40},"end":{"line":135,"column":3}},"line":80},"5":{"name":"(anonymous_5)","decl":{"start":{"line":137,"column":2},"end":{"line":137,"column":3}},"loc":{"start":{"line":137,"column":42},"end":{"line":154,"column":3}},"line":137}},"branchMap":{"0":{"loc":{"start":{"line":11,"column":6},"end":{"line":21,"column":7}},"type":"if","locations":[{"start":{"line":11,"column":6},"end":{"line":21,"column":7}},{"start":{"line":16,"column":13},"end":{"line":21,"column":7}}],"line":11},"1":{"loc":{"start":{"line":13,"column":8},"end":{"line":13,"column":47}},"type":"if","locations":[{"start":{"line":13,"column":8},"end":{"line":13,"column":47}},{"start":{},"end":{}}],"line":13},"2":{"loc":{"start":{"line":18,"column":8},"end":{"line":18,"column":47}},"type":"if","locations":[{"start":{"line":18,"column":8},"end":{"line":18,"column":47}},{"start":{},"end":{}}],"line":18},"3":{"loc":{"start":{"line":40,"column":6},"end":{"line":41,"column":57}},"type":"if","locations":[{"start":{"line":40,"column":6},"end":{"line":41,"column":57}},{"start":{"line":41,"column":11},"end":{"line":41,"column":57}}],"line":40},"4":{"loc":{"start":{"line":41,"column":11},"end":{"line":41,"column":57}},"type":"if","locations":[{"start":{"line":41,"column":11},"end":{"line":41,"column":57}},{"start":{},"end":{}}],"line":41},"5":{"loc":{"start":{"line":44,"column":6},"end":{"line":44,"column":54}},"type":"if","locations":[{"start":{"line":44,"column":6},"end":{"line":44,"column":54}},{"start":{},"end":{}}],"line":44},"6":{"loc":{"start":{"line":47,"column":6},"end":{"line":47,"column":58}},"type":"if","locations":[{"start":{"line":47,"column":6},"end":{"line":47,"column":58}},{"start":{},"end":{}}],"line":47},"7":{"loc":{"start":{"line":57,"column":6},"end":{"line":57,"column":58}},"type":"if","locations":[{"start":{"line":57,"column":6},"end":{"line":57,"column":58}},{"start":{},"end":{}}],"line":57},"8":{"loc":{"start":{"line":58,"column":6},"end":{"line":58,"column":58}},"type":"if","locations":[{"start":{"line":58,"column":6},"end":{"line":58,"column":58}},{"start":{},"end":{}}],"line":58},"9":{"loc":{"start":{"line":72,"column":6},"end":{"line":72,"column":44}},"type":"if","locations":[{"start":{"line":72,"column":6},"end":{"line":72,"column":44}},{"start":{},"end":{}}],"line":72},"10":{"loc":{"start":{"line":85,"column":6},"end":{"line":105,"column":7}},"type":"if","locations":[{"start":{"line":85,"column":6},"end":{"line":105,"column":7}},{"start":{"line":95,"column":13},"end":{"line":105,"column":7}}],"line":85},"11":{"loc":{"start":{"line":107,"column":6},"end":{"line":109,"column":7}},"type":"if","locations":[{"start":{"line":107,"column":6},"end":{"line":109,"column":7}},{"start":{},"end":{}}],"line":107},"12":{"loc":{"start":{"line":107,"column":10},"end":{"line":107,"column":111}},"type":"binary-expr","locations":[{"start":{"line":107,"column":10},"end":{"line":107,"column":28}},{"start":{"line":107,"column":32},"end":{"line":107,"column":49}},{"start":{"line":107,"column":53},"end":{"line":107,"column":70}},{"start":{"line":107,"column":74},"end":{"line":107,"column":94}},{"start":{"line":107,"column":98},"end":{"line":107,"column":111}}],"line":107},"13":{"loc":{"start":{"line":112,"column":6},"end":{"line":112,"column":44}},"type":"if","locations":[{"start":{"line":112,"column":6},"end":{"line":112,"column":44}},{"start":{},"end":{}}],"line":112},"14":{"loc":{"start":{"line":142,"column":6},"end":{"line":142,"column":64}},"type":"if","locations":[{"start":{"line":142,"column":6},"end":{"line":142,"column":64}},{"start":{},"end":{}}],"line":142},"15":{"loc":{"start":{"line":145,"column":6},"end":{"line":145,"column":51}},"type":"if","locations":[{"start":{"line":145,"column":6},"end":{"line":145,"column":51}},{"start":{},"end":{}}],"line":145}},"s":{"0":1,"1":1,"2":1,"3":1,"4":0,"5":0,"6":0,"7":0,"8":0,"9":0,"10":0,"11":0,"12":0,"13":0,"14":0,"15":0,"16":0,"17":0,"18":0,"19":0,"20":0,"21":0,"22":0,"23":0,"24":0,"25":0,"26":0,"27":0,"28":0,"29":0,"30":0,"31":0,"32":0,"33":0,"34":0,"35":0,"36":0,"37":0,"38":0,"39":0,"40":0,"41":0,"42":0,"43":0,"44":0,"45":0,"46":0,"47":0,"48":0,"49":0,"50":0,"51":0,"52":0,"53":0,"54":0,"55":0,"56":0,"57":0,"58":0,"59":0,"60":0,"61":0,"62":0,"63":0,"64":0,"65":0,"66":0,"67":0,"68":0,"69":0,"70":0,"71":0,"72":0,"73":0,"74":0,"75":1},"f":{"0":0,"1":0,"2":0,"3":0,"4":0,"5":0},"b":{"0":[0,0],"1":[0,0],"2":[0,0],"3":[0,0],"4":[0,0],"5":[0,0],"6":[0,0],"7":[0,0],"8":[0,0],"9":[0,0],"10":[0,0],"11":[0,0],"12":[0,0,0,0,0],"13":[0,0],"14":[0,0],"15":[0,0]},"_coverageSchema":"1a1c01bbd47fc00a2c39e90264f33305004495a9","hash":"187d1747de1a0e504e72b0b50e3829d1f850f551"}
,"C:\\Users\\siska\\OneDrive\\Documents\\GitHub\\repath-be\\middlewares\\authentication.js": {"path":"C:\\Users\\siska\\OneDrive\\Documents\\GitHub\\repath-be\\middlewares\\authentication.js","statementMap":{"0":{"start":{"line":1,"column":18},"end":{"line":1,"column":48}},"1":{"start":{"line":2,"column":12},"end":{"line":2,"column":35}},"2":{"start":{"line":3,"column":18},"end":{"line":3,"column":39}},"3":{"start":{"line":4,"column":21},"end":{"line":4,"column":39}},"4":{"start":{"line":7,"column":2},"end":{"line":25,"column":3}},"5":{"start":{"line":8,"column":25},"end":{"line":8,"column":49}},"6":{"start":{"line":9,"column":4},"end":{"line":9,"column":55}},"7":{"start":{"line":9,"column":23},"end":{"line":9,"column":55}},"8":{"start":{"line":11,"column":20},"end":{"line":11,"column":55}},"9":{"start":{"line":12,"column":4},"end":{"line":12,"column":54}},"10":{"start":{"line":12,"column":18},"end":{"line":12,"column":54}},"11":{"start":{"line":14,"column":17},"end":{"line":14,"column":66}},"12":{"start":{"line":15,"column":4},"end":{"line":15,"column":51}},"13":{"start":{"line":15,"column":15},"end":{"line":15,"column":51}},"14":{"start":{"line":17,"column":4},"end":{"line":20,"column":6}},"15":{"start":{"line":22,"column":4},"end":{"line":22,"column":11}},"16":{"start":{"line":24,"column":4},"end":{"line":24,"column":14}},"17":{"start":{"line":45,"column":0},"end":{"line":45,"column":31}}},"fnMap":{"0":{"name":"authentication","decl":{"start":{"line":6,"column":15},"end":{"line":6,"column":29}},"loc":{"start":{"line":6,"column":47},"end":{"line":26,"column":1}},"line":6}},"branchMap":{"0":{"loc":{"start":{"line":9,"column":4},"end":{"line":9,"column":55}},"type":"if","locations":[{"start":{"line":9,"column":4},"end":{"line":9,"column":55}},{"start":{},"end":{}}],"line":9},"1":{"loc":{"start":{"line":12,"column":4},"end":{"line":12,"column":54}},"type":"if","locations":[{"start":{"line":12,"column":4},"end":{"line":12,"column":54}},{"start":{},"end":{}}],"line":12},"2":{"loc":{"start":{"line":15,"column":4},"end":{"line":15,"column":51}},"type":"if","locations":[{"start":{"line":15,"column":4},"end":{"line":15,"column":51}},{"start":{},"end":{}}],"line":15}},"s":{"0":1,"1":1,"2":1,"3":1,"4":14,"5":14,"6":14,"7":0,"8":14,"9":10,"10":0,"11":10,"12":10,"13":0,"14":10,"15":10,"16":4,"17":1},"f":{"0":14},"b":{"0":[0,14],"1":[0,10],"2":[0,10]},"_coverageSchema":"1a1c01bbd47fc00a2c39e90264f33305004495a9","hash":"7e26f35953ca27699a63c1b76630add0ef0d5d1e"}
,"C:\\Users\\siska\\OneDrive\\Documents\\GitHub\\repath-be\\middlewares\\errorHandler.js": {"path":"C:\\Users\\siska\\OneDrive\\Documents\\GitHub\\repath-be\\middlewares\\errorHandler.js","statementMap":{"0":{"start":{"line":1,"column":21},"end":{"line":61,"column":1}},"1":{"start":{"line":5,"column":4},"end":{"line":59,"column":5}},"2":{"start":{"line":6,"column":6},"end":{"line":13,"column":102}},"3":{"start":{"line":6,"column":28},"end":{"line":6,"column":99}},"4":{"start":{"line":7,"column":11},"end":{"line":13,"column":102}},"5":{"start":{"line":7,"column":37},"end":{"line":7,"column":112}},"6":{"start":{"line":8,"column":11},"end":{"line":13,"column":102}},"7":{"start":{"line":8,"column":36},"end":{"line":8,"column":110}},"8":{"start":{"line":9,"column":11},"end":{"line":13,"column":102}},"9":{"start":{"line":9,"column":36},"end":{"line":9,"column":110}},"10":{"start":{"line":10,"column":11},"end":{"line":13,"column":102}},"11":{"start":{"line":10,"column":36},"end":{"line":10,"column":110}},"12":{"start":{"line":11,"column":11},"end":{"line":13,"column":102}},"13":{"start":{"line":11,"column":39},"end":{"line":11,"column":116}},"14":{"start":{"line":12,"column":11},"end":{"line":13,"column":102}},"15":{"start":{"line":12,"column":32},"end":{"line":12,"column":102}},"16":{"start":{"line":13,"column":11},"end":{"line":13,"column":102}},"17":{"start":{"line":13,"column":32},"end":{"line":13,"column":102}},"18":{"start":{"line":14,"column":11},"end":{"line":59,"column":5}},"19":{"start":{"line":15,"column":6},"end":{"line":15,"column":61}},"20":{"start":{"line":17,"column":6},"end":{"line":58,"column":7}},"21":{"start":{"line":19,"column":12},"end":{"line":19,"column":66}},"22":{"start":{"line":20,"column":12},"end":{"line":20,"column":18}},"23":{"start":{"line":22,"column":12},"end":{"line":22,"column":69}},"24":{"start":{"line":23,"column":12},"end":{"line":23,"column":18}},"25":{"start":{"line":25,"column":12},"end":{"line":25,"column":71}},"26":{"start":{"line":26,"column":12},"end":{"line":26,"column":18}},"27":{"start":{"line":28,"column":12},"end":{"line":28,"column":77}},"28":{"start":{"line":29,"column":12},"end":{"line":29,"column":18}},"29":{"start":{"line":31,"column":12},"end":{"line":31,"column":71}},"30":{"start":{"line":32,"column":12},"end":{"line":32,"column":18}},"31":{"start":{"line":34,"column":12},"end":{"line":34,"column":62}},"32":{"start":{"line":35,"column":12},"end":{"line":35,"column":18}},"33":{"start":{"line":37,"column":12},"end":{"line":37,"column":80}},"34":{"start":{"line":38,"column":12},"end":{"line":38,"column":18}},"35":{"start":{"line":40,"column":12},"end":{"line":40,"column":66}},"36":{"start":{"line":41,"column":12},"end":{"line":41,"column":18}},"37":{"start":{"line":43,"column":12},"end":{"line":43,"column":75}},"38":{"start":{"line":44,"column":12},"end":{"line":44,"column":18}},"39":{"start":{"line":46,"column":12},"end":{"line":46,"column":66}},"40":{"start":{"line":47,"column":12},"end":{"line":47,"column":18}},"41":{"start":{"line":49,"column":12},"end":{"line":49,"column":64}},"42":{"start":{"line":50,"column":12},"end":{"line":50,"column":18}},"43":{"start":{"line":52,"column":12},"end":{"line":52,"column":88}},"44":{"start":{"line":53,"column":12},"end":{"line":53,"column":18}},"45":{"start":{"line":56,"column":12},"end":{"line":56,"column":70}},"46":{"start":{"line":57,"column":12},"end":{"line":57,"column":18}},"47":{"start":{"line":63,"column":0},"end":{"line":63,"column":30}}},"fnMap":{"0":{"name":"(anonymous_0)","decl":{"start":{"line":1,"column":21},"end":{"line":1,"column":22}},"loc":{"start":{"line":1,"column":46},"end":{"line":61,"column":1}},"line":1}},"branchMap":{"0":{"loc":{"start":{"line":5,"column":4},"end":{"line":59,"column":5}},"type":"if","locations":[{"start":{"line":5,"column":4},"end":{"line":59,"column":5}},{"start":{"line":14,"column":11},"end":{"line":59,"column":5}}],"line":5},"1":{"loc":{"start":{"line":6,"column":6},"end":{"line":13,"column":102}},"type":"if","locations":[{"start":{"line":6,"column":6},"end":{"line":13,"column":102}},{"start":{"line":7,"column":11},"end":{"line":13,"column":102}}],"line":6},"2":{"loc":{"start":{"line":7,"column":11},"end":{"line":13,"column":102}},"type":"if","locations":[{"start":{"line":7,"column":11},"end":{"line":13,"column":102}},{"start":{"line":8,"column":11},"end":{"line":13,"column":102}}],"line":7},"3":{"loc":{"start":{"line":8,"column":11},"end":{"line":13,"column":102}},"type":"if","locations":[{"start":{"line":8,"column":11},"end":{"line":13,"column":102}},{"start":{"line":9,"column":11},"end":{"line":13,"column":102}}],"line":8},"4":{"loc":{"start":{"line":9,"column":11},"end":{"line":13,"column":102}},"type":"if","locations":[{"start":{"line":9,"column":11},"end":{"line":13,"column":102}},{"start":{"line":10,"column":11},"end":{"line":13,"column":102}}],"line":9},"5":{"loc":{"start":{"line":10,"column":11},"end":{"line":13,"column":102}},"type":"if","locations":[{"start":{"line":10,"column":11},"end":{"line":13,"column":102}},{"start":{"line":11,"column":11},"end":{"line":13,"column":102}}],"line":10},"6":{"loc":{"start":{"line":11,"column":11},"end":{"line":13,"column":102}},"type":"if","locations":[{"start":{"line":11,"column":11},"end":{"line":13,"column":102}},{"start":{"line":12,"column":11},"end":{"line":13,"column":102}}],"line":11},"7":{"loc":{"start":{"line":12,"column":11},"end":{"line":13,"column":102}},"type":"if","locations":[{"start":{"line":12,"column":11},"end":{"line":13,"column":102}},{"start":{"line":13,"column":11},"end":{"line":13,"column":102}}],"line":12},"8":{"loc":{"start":{"line":13,"column":11},"end":{"line":13,"column":102}},"type":"if","locations":[{"start":{"line":13,"column":11},"end":{"line":13,"column":102}},{"start":{},"end":{}}],"line":13},"9":{"loc":{"start":{"line":14,"column":11},"end":{"line":59,"column":5}},"type":"if","locations":[{"start":{"line":14,"column":11},"end":{"line":59,"column":5}},{"start":{"line":16,"column":11},"end":{"line":59,"column":5}}],"line":14},"10":{"loc":{"start":{"line":17,"column":6},"end":{"line":58,"column":7}},"type":"switch","locations":[{"start":{"line":18,"column":8},"end":{"line":20,"column":18}},{"start":{"line":21,"column":8},"end":{"line":23,"column":18}},{"start":{"line":24,"column":8},"end":{"line":26,"column":18}},{"start":{"line":27,"column":8},"end":{"line":29,"column":18}},{"start":{"line":30,"column":8},"end":{"line":32,"column":18}},{"start":{"line":33,"column":8},"end":{"line":35,"column":18}},{"start":{"line":36,"column":8},"end":{"line":38,"column":18}},{"start":{"line":39,"column":8},"end":{"line":41,"column":18}},{"start":{"line":42,"column":8},"end":{"line":44,"column":18}},{"start":{"line":45,"column":8},"end":{"line":47,"column":18}},{"start":{"line":48,"column":8},"end":{"line":50,"column":18}},{"start":{"line":51,"column":8},"end":{"line":53,"column":18}},{"start":{"line":54,"column":8},"end":{"line":57,"column":18}}],"line":17}},"s":{"0":1,"1":5,"2":0,"3":0,"4":0,"5":0,"6":0,"7":0,"8":0,"9":0,"10":0,"11":0,"12":0,"13":0,"14":0,"15":0,"16":0,"17":0,"18":5,"19":0,"20":5,"21":0,"22":0,"23":0,"24":0,"25":0,"26":0,"27":0,"28":0,"29":0,"30":0,"31":4,"32":4,"33":0,"34":0,"35":0,"36":0,"37":0,"38":0,"39":0,"40":0,"41":0,"42":0,"43":0,"44":0,"45":1,"46":1,"47":1},"f":{"0":5},"b":{"0":[0,5],"1":[0,0],"2":[0,0],"3":[0,0],"4":[0,0],"5":[0,0],"6":[0,0],"7":[0,0],"8":[0,0],"9":[0,5],"10":[0,0,0,0,0,4,0,0,0,0,0,0,1]},"_coverageSchema":"1a1c01bbd47fc00a2c39e90264f33305004495a9","hash":"7e1740e48aecb293d782fd77a12ab39336dcca55"}
,"C:\\Users\\siska\\OneDrive\\Documents\\GitHub\\repath-be\\middlewares\\imageValidation.js": {"path":"C:\\Users\\siska\\OneDrive\\Documents\\GitHub\\repath-be\\middlewares\\imageValidation.js","statementMap":{"0":{"start":{"line":1,"column":23},"end":{"line":18,"column":1}},"1":{"start":{"line":2,"column":4},"end":{"line":17,"column":5}},"2":{"start":{"line":3,"column":8},"end":{"line":13,"column":9}},"3":{"start":{"line":4,"column":12},"end":{"line":4,"column":19}},"4":{"start":{"line":7,"column":12},"end":{"line":12,"column":13}},"5":{"start":{"line":8,"column":16},"end":{"line":8,"column":40}},"6":{"start":{"line":11,"column":16},"end":{"line":11,"column":22}},"7":{"start":{"line":16,"column":8},"end":{"line":16,"column":18}},"8":{"start":{"line":20,"column":23},"end":{"line":36,"column":1}},"9":{"start":{"line":21,"column":3},"end":{"line":35,"column":4}},"10":{"start":{"line":22,"column":4},"end":{"line":31,"column":5}},"11":{"start":{"line":23,"column":8},"end":{"line":23,"column":15}},"12":{"start":{"line":26,"column":8},"end":{"line":30,"column":9}},"13":{"start":{"line":27,"column":12},"end":{"line":27,"column":18}},"14":{"start":{"line":29,"column":12},"end":{"line":29,"column":35}},"15":{"start":{"line":34,"column":7},"end":{"line":34,"column":16}},"16":{"start":{"line":38,"column":0},"end":{"line":38,"column":49}}},"fnMap":{"0":{"name":"(anonymous_0)","decl":{"start":{"line":1,"column":23},"end":{"line":1,"column":24}},"loc":{"start":{"line":1,"column":47},"end":{"line":18,"column":1}},"line":1},"1":{"name":"(anonymous_1)","decl":{"start":{"line":20,"column":23},"end":{"line":20,"column":24}},"loc":{"start":{"line":20,"column":48},"end":{"line":36,"column":1}},"line":20}},"branchMap":{"0":{"loc":{"start":{"line":3,"column":8},"end":{"line":13,"column":9}},"type":"if","locations":[{"start":{"line":3,"column":8},"end":{"line":13,"column":9}},{"start":{"line":6,"column":12},"end":{"line":13,"column":9}}],"line":3},"1":{"loc":{"start":{"line":7,"column":12},"end":{"line":12,"column":13}},"type":"if","locations":[{"start":{"line":7,"column":12},"end":{"line":12,"column":13}},{"start":{"line":10,"column":16},"end":{"line":12,"column":13}}],"line":7},"2":{"loc":{"start":{"line":22,"column":4},"end":{"line":31,"column":5}},"type":"if","locations":[{"start":{"line":22,"column":4},"end":{"line":31,"column":5}},{"start":{"line":25,"column":8},"end":{"line":31,"column":5}}],"line":22},"3":{"loc":{"start":{"line":26,"column":8},"end":{"line":30,"column":9}},"type":"if","locations":[{"start":{"line":26,"column":8},"end":{"line":30,"column":9}},{"start":{"line":28,"column":15},"end":{"line":30,"column":9}}],"line":26},"4":{"loc":{"start":{"line":26,"column":12},"end":{"line":26,"column":120}},"type":"binary-expr","locations":[{"start":{"line":26,"column":12},"end":{"line":26,"column":46}},{"start":{"line":26,"column":50},"end":{"line":26,"column":83}},{"start":{"line":26,"column":87},"end":{"line":26,"column":120}}],"line":26}},"s":{"0":1,"1":0,"2":0,"3":0,"4":0,"5":0,"6":0,"7":0,"8":1,"9":0,"10":0,"11":0,"12":0,"13":0,"14":0,"15":0,"16":1},"f":{"0":0,"1":0},"b":{"0":[0,0],"1":[0,0],"2":[0,0],"3":[0,0],"4":[0,0,0]},"_coverageSchema":"1a1c01bbd47fc00a2c39e90264f33305004495a9","hash":"cbc88d707dd3ad220d93230e44198166b7c317ed"}
,"C:\\Users\\siska\\OneDrive\\Documents\\GitHub\\repath-be\\middlewares\\imagekit.js": {"path":"C:\\Users\\siska\\OneDrive\\Documents\\GitHub\\repath-be\\middlewares\\imagekit.js","statementMap":{"0":{"start":{"line":1,"column":14},"end":{"line":1,"column":30}},"1":{"start":{"line":2,"column":15},"end":{"line":2,"column":35}},"2":{"start":{"line":4,"column":17},"end":{"line":38,"column":1}},"3":{"start":{"line":5,"column":2},"end":{"line":37,"column":3}},"4":{"start":{"line":6,"column":4},"end":{"line":34,"column":5}},"5":{"start":{"line":7,"column":6},"end":{"line":7,"column":13}},"6":{"start":{"line":9,"column":19},"end":{"line":9,"column":33}},"7":{"start":{"line":10,"column":6},"end":{"line":10,"column":62}},"8":{"start":{"line":11,"column":6},"end":{"line":11,"column":53}},"9":{"start":{"line":13,"column":22},"end":{"line":13,"column":54}},"10":{"start":{"line":14,"column":24},"end":{"line":14,"column":63}},"11":{"start":{"line":16,"column":23},"end":{"line":24,"column":8}},"12":{"start":{"line":27,"column":6},"end":{"line":27,"column":33}},"13":{"start":{"line":33,"column":6},"end":{"line":33,"column":13}},"14":{"start":{"line":36,"column":4},"end":{"line":36,"column":14}},"15":{"start":{"line":40,"column":0},"end":{"line":40,"column":26}}},"fnMap":{"0":{"name":"(anonymous_0)","decl":{"start":{"line":4,"column":17},"end":{"line":4,"column":18}},"loc":{"start":{"line":4,"column":43},"end":{"line":38,"column":1}},"line":4}},"branchMap":{"0":{"loc":{"start":{"line":6,"column":4},"end":{"line":34,"column":5}},"type":"if","locations":[{"start":{"line":6,"column":4},"end":{"line":34,"column":5}},{"start":{"line":8,"column":11},"end":{"line":34,"column":5}}],"line":6}},"s":{"0":1,"1":1,"2":1,"3":0,"4":0,"5":0,"6":0,"7":0,"8":0,"9":0,"10":0,"11":0,"12":0,"13":0,"14":0,"15":1},"f":{"0":0},"b":{"0":[0,0]},"_coverageSchema":"1a1c01bbd47fc00a2c39e90264f33305004495a9","hash":"c663b167bacb49972d46c066a9090308c088e549"}
,"C:\\Users\\siska\\OneDrive\\Documents\\GitHub\\repath-be\\models\\commentModel.js": {"path":"C:\\Users\\siska\\OneDrive\\Documents\\GitHub\\repath-be\\models\\commentModel.js","statementMap":{"0":{"start":{"line":1,"column":17},"end":{"line":1,"column":36}},"1":{"start":{"line":2,"column":19},"end":{"line":2,"column":27}},"2":{"start":{"line":4,"column":22},"end":{"line":14,"column":2}},"3":{"start":{"line":16,"column":21},"end":{"line":16,"column":61}},"4":{"start":{"line":18,"column":0},"end":{"line":18,"column":30}}},"fnMap":{},"branchMap":{},"s":{"0":1,"1":1,"2":1,"3":1,"4":1},"f":{},"b":{},"_coverageSchema":"1a1c01bbd47fc00a2c39e90264f33305004495a9","hash":"64cf58f9a1ba8ebdc99338c26c5606bbee586049"}
,"C:\\Users\\siska\\OneDrive\\Documents\\GitHub\\repath-be\\models\\followModel.js": {"path":"C:\\Users\\siska\\OneDrive\\Documents\\GitHub\\repath-be\\models\\followModel.js","statementMap":{"0":{"start":{"line":1,"column":17},"end":{"line":1,"column":36}},"1":{"start":{"line":2,"column":19},"end":{"line":2,"column":27}},"2":{"start":{"line":4,"column":21},"end":{"line":13,"column":19}},"3":{"start":{"line":15,"column":20},"end":{"line":15,"column":58}},"4":{"start":{"line":17,"column":0},"end":{"line":17,"column":28}}},"fnMap":{},"branchMap":{},"s":{"0":1,"1":1,"2":1,"3":1,"4":1},"f":{},"b":{},"_coverageSchema":"1a1c01bbd47fc00a2c39e90264f33305004495a9","hash":"7ffb11914c5c61d08a694d028bec0e3cd7fa5810"}
,"C:\\Users\\siska\\OneDrive\\Documents\\GitHub\\repath-be\\models\\friendModel.js": {"path":"C:\\Users\\siska\\OneDrive\\Documents\\GitHub\\repath-be\\models\\friendModel.js","statementMap":{"0":{"start":{"line":1,"column":17},"end":{"line":1,"column":36}},"1":{"start":{"line":2,"column":19},"end":{"line":2,"column":27}},"2":{"start":{"line":4,"column":21},"end":{"line":14,"column":2}},"3":{"start":{"line":16,"column":20},"end":{"line":16,"column":58}},"4":{"start":{"line":18,"column":0},"end":{"line":18,"column":28}}},"fnMap":{},"branchMap":{},"s":{"0":1,"1":1,"2":1,"3":1,"4":1},"f":{},"b":{},"_coverageSchema":"1a1c01bbd47fc00a2c39e90264f33305004495a9","hash":"aba4e6e6824f616f3d6fd76d6b7c3a41c16c9590"}
,"C:\\Users\\siska\\OneDrive\\Documents\\GitHub\\repath-be\\models\\likesModel.js": {"path":"C:\\Users\\siska\\OneDrive\\Documents\\GitHub\\repath-be\\models\\likesModel.js","statementMap":{"0":{"start":{"line":1,"column":17},"end":{"line":1,"column":36}},"1":{"start":{"line":2,"column":19},"end":{"line":2,"column":27}},"2":{"start":{"line":3,"column":21},"end":{"line":3,"column":39}},"3":{"start":{"line":5,"column":19},"end":{"line":14,"column":2}},"4":{"start":{"line":16,"column":18},"end":{"line":16,"column":52}},"5":{"start":{"line":18,"column":0},"end":{"line":18,"column":27}}},"fnMap":{},"branchMap":{},"s":{"0":1,"1":1,"2":1,"3":1,"4":1,"5":1},"f":{},"b":{},"_coverageSchema":"1a1c01bbd47fc00a2c39e90264f33305004495a9","hash":"6cc16bfe52cf79dc32aaa2ca05f0531c064edc12"}
,"C:\\Users\\siska\\OneDrive\\Documents\\GitHub\\repath-be\\models\\postModel.js": {"path":"C:\\Users\\siska\\OneDrive\\Documents\\GitHub\\repath-be\\models\\postModel.js","statementMap":{"0":{"start":{"line":1,"column":17},"end":{"line":1,"column":36}},"1":{"start":{"line":2,"column":19},"end":{"line":2,"column":27}},"2":{"start":{"line":3,"column":24},"end":{"line":3,"column":60}},"3":{"start":{"line":5,"column":19},"end":{"line":35,"column":2}},"4":{"start":{"line":39,"column":0},"end":{"line":39,"column":34}},"5":{"start":{"line":40,"column":18},"end":{"line":40,"column":52}},"6":{"start":{"line":41,"column":0},"end":{"line":41,"column":27}}},"fnMap":{},"branchMap":{},"s":{"0":1,"1":1,"2":1,"3":1,"4":1,"5":1,"6":1},"f":{},"b":{},"_coverageSchema":"1a1c01bbd47fc00a2c39e90264f33305004495a9","hash":"f5030caa52a1343debb7526b7fb00edfa76c3cfa"}
,"C:\\Users\\siska\\OneDrive\\Documents\\GitHub\\repath-be\\models\\userModel.js": {"path":"C:\\Users\\siska\\OneDrive\\Documents\\GitHub\\repath-be\\models\\userModel.js","statementMap":{"0":{"start":{"line":1,"column":21},"end":{"line":1,"column":39}},"1":{"start":{"line":2,"column":17},"end":{"line":2,"column":36}},"2":{"start":{"line":3,"column":19},"end":{"line":3,"column":27}},"3":{"start":{"line":4,"column":24},"end":{"line":4,"column":60}},"4":{"start":{"line":5,"column":15},"end":{"line":5,"column":34}},"5":{"start":{"line":7,"column":19},"end":{"line":49,"column":2}},"6":{"start":{"line":51,"column":0},"end":{"line":65,"column":3}},"7":{"start":{"line":52,"column":15},"end":{"line":52,"column":19}},"8":{"start":{"line":54,"column":2},"end":{"line":56,"column":3}},"9":{"start":{"line":55,"column":4},"end":{"line":55,"column":18}},"10":{"start":{"line":57,"column":2},"end":{"line":64,"column":3}},"11":{"start":{"line":58,"column":17},"end":{"line":58,"column":40}},"12":{"start":{"line":59,"column":4},"end":{"line":59,"column":59}},"13":{"start":{"line":61,"column":4},"end":{"line":61,"column":18}},"14":{"start":{"line":63,"column":6},"end":{"line":63,"column":23}},"15":{"start":{"line":67,"column":0},"end":{"line":69,"column":2}},"16":{"start":{"line":68,"column":2},"end":{"line":68,"column":49}},"17":{"start":{"line":71,"column":0},"end":{"line":71,"column":35}},"18":{"start":{"line":72,"column":18},"end":{"line":72,"column":52}},"19":{"start":{"line":74,"column":0},"end":{"line":74,"column":26}}},"fnMap":{"0":{"name":"save","decl":{"start":{"line":51,"column":38},"end":{"line":51,"column":42}},"loc":{"start":{"line":51,"column":49},"end":{"line":65,"column":1}},"line":51},"1":{"name":"validatePassword","decl":{"start":{"line":67,"column":53},"end":{"line":67,"column":69}},"loc":{"start":{"line":67,"column":76},"end":{"line":69,"column":1}},"line":67}},"branchMap":{"0":{"loc":{"start":{"line":54,"column":2},"end":{"line":56,"column":3}},"type":"if","locations":[{"start":{"line":54,"column":2},"end":{"line":56,"column":3}},{"start":{},"end":{}}],"line":54}},"s":{"0":1,"1":1,"2":1,"3":1,"4":1,"5":1,"6":1,"7":2,"8":2,"9":0,"10":2,"11":2,"12":2,"13":2,"14":0,"15":1,"16":0,"17":1,"18":1,"19":1},"f":{"0":2,"1":0},"b":{"0":[0,2]},"_coverageSchema":"1a1c01bbd47fc00a2c39e90264f33305004495a9","hash":"91c58a884988a0c27a9677f6bf136a2a5fbbdf1f"}
,"C:\\Users\\siska\\OneDrive\\Documents\\GitHub\\repath-be\\routes\\commentRoutes.js": {"path":"C:\\Users\\siska\\OneDrive\\Documents\\GitHub\\repath-be\\routes\\commentRoutes.js","statementMap":{"0":{"start":{"line":1,"column":15},"end":{"line":1,"column":42}},"1":{"start":{"line":2,"column":26},"end":{"line":2,"column":68}},"2":{"start":{"line":4,"column":0},"end":{"line":4,"column":54}},"3":{"start":{"line":5,"column":0},"end":{"line":5,"column":53}},"4":{"start":{"line":6,"column":0},"end":{"line":6,"column":57}},"5":{"start":{"line":7,"column":0},"end":{"line":7,"column":57}},"6":{"start":{"line":8,"column":0},"end":{"line":8,"column":62}},"7":{"start":{"line":10,"column":0},"end":{"line":10,"column":23}}},"fnMap":{},"branchMap":{},"s":{"0":1,"1":1,"2":1,"3":1,"4":1,"5":1,"6":1,"7":1},"f":{},"b":{},"_coverageSchema":"1a1c01bbd47fc00a2c39e90264f33305004495a9","hash":"ec96181eaf7ba8adc012ddaebe5243956ad4e5bf"}
,"C:\\Users\\siska\\OneDrive\\Documents\\GitHub\\repath-be\\routes\\fetchroutes.js": {"path":"C:\\Users\\siska\\OneDrive\\Documents\\GitHub\\repath-be\\routes\\fetchroutes.js","statementMap":{"0":{"start":{"line":1,"column":15},"end":{"line":1,"column":42}},"1":{"start":{"line":2,"column":24},"end":{"line":2,"column":64}},"2":{"start":{"line":4,"column":0},"end":{"line":4,"column":51}},"3":{"start":{"line":5,"column":0},"end":{"line":5,"column":58}},"4":{"start":{"line":7,"column":0},"end":{"line":7,"column":23}}},"fnMap":{},"branchMap":{},"s":{"0":1,"1":1,"2":1,"3":1,"4":1},"f":{},"b":{},"_coverageSchema":"1a1c01bbd47fc00a2c39e90264f33305004495a9","hash":"77fb294c4048f83c0a392afc35f97b47320b6303"}
,"C:\\Users\\siska\\OneDrive\\Documents\\GitHub\\repath-be\\routes\\followRoutes.js": {"path":"C:\\Users\\siska\\OneDrive\\Documents\\GitHub\\repath-be\\routes\\followRoutes.js","statementMap":{"0":{"start":{"line":1,"column":15},"end":{"line":1,"column":42}},"1":{"start":{"line":2,"column":25},"end":{"line":2,"column":66}},"2":{"start":{"line":4,"column":0},"end":{"line":4,"column":45}},"3":{"start":{"line":5,"column":0},"end":{"line":5,"column":56}},"4":{"start":{"line":6,"column":0},"end":{"line":6,"column":53}},"5":{"start":{"line":7,"column":0},"end":{"line":7,"column":58}},"6":{"start":{"line":9,"column":0},"end":{"line":9,"column":23}}},"fnMap":{},"branchMap":{},"s":{"0":1,"1":1,"2":1,"3":1,"4":1,"5":1,"6":1},"f":{},"b":{},"_coverageSchema":"1a1c01bbd47fc00a2c39e90264f33305004495a9","hash":"c8cfb95f79b4ed2efbbffd1de29bdde2996897df"}
,"C:\\Users\\siska\\OneDrive\\Documents\\GitHub\\repath-be\\routes\\friendRoutes.js": {"path":"C:\\Users\\siska\\OneDrive\\Documents\\GitHub\\repath-be\\routes\\friendRoutes.js","statementMap":{"0":{"start":{"line":1,"column":15},"end":{"line":1,"column":42}},"1":{"start":{"line":2,"column":25},"end":{"line":2,"column":66}},"2":{"start":{"line":4,"column":0},"end":{"line":4,"column":45}},"3":{"start":{"line":5,"column":0},"end":{"line":5,"column":52}},"4":{"start":{"line":6,"column":0},"end":{"line":6,"column":51}},"5":{"start":{"line":7,"column":0},"end":{"line":7,"column":51}},"6":{"start":{"line":8,"column":0},"end":{"line":8,"column":52}},"7":{"start":{"line":10,"column":0},"end":{"line":10,"column":23}}},"fnMap":{},"branchMap":{},"s":{"0":1,"1":1,"2":1,"3":1,"4":1,"5":1,"6":1,"7":1},"f":{},"b":{},"_coverageSchema":"1a1c01bbd47fc00a2c39e90264f33305004495a9","hash":"e53cf2f3a5d2850193403323287f3a3550a0ca94"}
,"C:\\Users\\siska\\OneDrive\\Documents\\GitHub\\repath-be\\routes\\likesRoutes.js": {"path":"C:\\Users\\siska\\OneDrive\\Documents\\GitHub\\repath-be\\routes\\likesRoutes.js","statementMap":{"0":{"start":{"line":1,"column":15},"end":{"line":1,"column":42}},"1":{"start":{"line":2,"column":24},"end":{"line":2,"column":64}},"2":{"start":{"line":4,"column":0},"end":{"line":4,"column":49}},"3":{"start":{"line":5,"column":0},"end":{"line":5,"column":55}},"4":{"start":{"line":6,"column":0},"end":{"line":6,"column":48}},"5":{"start":{"line":9,"column":0},"end":{"line":9,"column":49}},"6":{"start":{"line":11,"column":0},"end":{"line":11,"column":23}}},"fnMap":{},"branchMap":{},"s":{"0":1,"1":1,"2":1,"3":1,"4":1,"5":1,"6":1},"f":{},"b":{},"_coverageSchema":"1a1c01bbd47fc00a2c39e90264f33305004495a9","hash":"6718ff8010aff88b5c006462ca56638a56ed8932"}
,"C:\\Users\\siska\\OneDrive\\Documents\\GitHub\\repath-be\\routes\\postRoutes.js": {"path":"C:\\Users\\siska\\OneDrive\\Documents\\GitHub\\repath-be\\routes\\postRoutes.js","statementMap":{"0":{"start":{"line":1,"column":15},"end":{"line":1,"column":42}},"1":{"start":{"line":2,"column":22},"end":{"line":2,"column":48}},"2":{"start":{"line":3,"column":20},"end":{"line":3,"column":44}},"3":{"start":{"line":4,"column":23},"end":{"line":4,"column":62}},"4":{"start":{"line":5,"column":23},"end":{"line":5,"column":63}},"5":{"start":{"line":7,"column":15},"end":{"line":7,"column":32}},"6":{"start":{"line":8,"column":17},"end":{"line":8,"column":51}},"7":{"start":{"line":9,"column":41},"end":{"line":9,"column":82}},"8":{"start":{"line":10,"column":18},"end":{"line":10,"column":44}},"9":{"start":{"line":12,"column":16},"end":{"line":12,"column":38}},"10":{"start":{"line":13,"column":15},"end":{"line":15,"column":2}},"11":{"start":{"line":17,"column":0},"end":{"line":17,"column":26}},"12":{"start":{"line":18,"column":0},"end":{"line":18,"column":41}},"13":{"start":{"line":20,"column":0},"end":{"line":20,"column":119}},"14":{"start":{"line":22,"column":0},"end":{"line":22,"column":43}},"15":{"start":{"line":23,"column":0},"end":{"line":23,"column":48}},"16":{"start":{"line":25,"column":0},"end":{"line":25,"column":23}}},"fnMap":{},"branchMap":{},"s":{"0":1,"1":1,"2":1,"3":1,"4":1,"5":1,"6":1,"7":1,"8":1,"9":1,"10":1,"11":1,"12":1,"13":1,"14":1,"15":1,"16":1},"f":{},"b":{},"_coverageSchema":"1a1c01bbd47fc00a2c39e90264f33305004495a9","hash":"44c49fae67dddd387b53eb0311cc521a9177f6c2"}
,"C:\\Users\\siska\\OneDrive\\Documents\\GitHub\\repath-be\\routes\\userRoutes.js": {"path":"C:\\Users\\siska\\OneDrive\\Documents\\GitHub\\repath-be\\routes\\userRoutes.js","statementMap":{"0":{"start":{"line":1,"column":15},"end":{"line":1,"column":42}},"1":{"start":{"line":2,"column":23},"end":{"line":2,"column":62}},"2":{"start":{"line":3,"column":23},"end":{"line":3,"column":63}},"3":{"start":{"line":5,"column":15},"end":{"line":5,"column":32}},"4":{"start":{"line":6,"column":17},"end":{"line":6,"column":51}},"5":{"start":{"line":7,"column":41},"end":{"line":7,"column":82}},"6":{"start":{"line":9,"column":16},"end":{"line":9,"column":38}},"7":{"start":{"line":10,"column":15},"end":{"line":12,"column":2}},"8":{"start":{"line":15,"column":0},"end":{"line":15,"column":48}},"9":{"start":{"line":16,"column":0},"end":{"line":16,"column":43}},"10":{"start":{"line":18,"column":0},"end":{"line":18,"column":26}},"11":{"start":{"line":20,"column":0},"end":{"line":20,"column":41}},"12":{"start":{"line":21,"column":0},"end":{"line":21,"column":47}},"13":{"start":{"line":22,"column":0},"end":{"line":22,"column":106}},"14":{"start":{"line":23,"column":0},"end":{"line":23,"column":48}},"15":{"start":{"line":25,"column":0},"end":{"line":25,"column":23}}},"fnMap":{},"branchMap":{},"s":{"0":1,"1":1,"2":1,"3":1,"4":1,"5":1,"6":1,"7":1,"8":1,"9":1,"10":1,"11":1,"12":1,"13":1,"14":1,"15":1},"f":{},"b":{},"_coverageSchema":"1a1c01bbd47fc00a2c39e90264f33305004495a9","hash":"d0ab6a918e136af70c9182f6af17b19ef8fabcd9"}
}
