TN:
SF:app.js
FNF:0
FNH:0
DA:1,5
DA:2,5
DA:3,5
DA:4,5
DA:5,5
DA:6,5
DA:7,5
DA:8,5
DA:9,5
DA:10,5
DA:11,5
DA:12,5
DA:13,5
DA:14,5
DA:15,5
DA:17,5
DA:18,5
DA:19,5
DA:21,5
DA:22,5
DA:23,5
DA:24,5
DA:25,5
DA:27,5
DA:28,5
DA:30,5
DA:36,5
LF:27
LH:27
BRF:0
BRH:0
end_of_record
TN:
SF:config/monggoConfig.js
FN:8,(anonymous_0)
FNF:1
FNH:1
FNDA:5,(anonymous_0)
DA:1,5
DA:2,5
DA:5,5
DA:6,0
DA:8,5
DA:9,5
DA:10,0
DA:12,5
DA:16,5
LF:9
LH:7
BRDA:5,0,0,5
BRDA:5,0,1,0
BRDA:9,1,0,0
BRDA:9,1,1,5
BRF:4
BRH:2
end_of_record
TN:
SF:controller/commentController.js
FN:7,(anonymous_0)
FN:19,(anonymous_1)
FN:50,(anonymous_2)
FN:62,(anonymous_3)
FN:78,(anonymous_4)
FNF:5
FNH:4
FNDA:1,(anonymous_0)
FNDA:1,(anonymous_1)
FNDA:0,(anonymous_2)
FNDA:1,(anonymous_3)
FNDA:1,(anonymous_4)
DA:1,5
DA:2,5
DA:3,5
DA:4,5
DA:8,1
DA:9,1
DA:10,1
DA:11,1
DA:13,1
DA:15,0
DA:20,1
DA:21,1
DA:22,1
DA:23,1
DA:25,1
DA:26,1
DA:28,1
DA:29,1
DA:30,1
DA:31,0
DA:34,1
DA:36,1
DA:43,1
DA:45,0
DA:46,0
DA:51,0
DA:52,0
DA:53,0
DA:54,0
DA:56,0
DA:58,0
DA:63,1
DA:64,1
DA:66,1
DA:67,1
DA:69,1
DA:70,1
DA:72,1
DA:74,0
DA:79,1
DA:80,1
DA:82,1
DA:83,1
DA:85,1
DA:87,1
DA:92,1
DA:94,0
DA:100,5
LF:48
LH:36
BRDA:11,0,0,0
BRDA:11,0,1,1
BRDA:26,1,0,0
BRDA:26,1,1,1
BRDA:30,2,0,0
BRDA:30,2,1,1
BRDA:54,3,0,0
BRDA:54,3,1,0
BRDA:67,4,0,0
BRDA:67,4,1,1
BRDA:83,5,0,0
BRDA:83,5,1,1
BRF:12
BRH:5
end_of_record
TN:
SF:controller/fetchcontroller.js
FN:4,(anonymous_0)
FN:19,(anonymous_1)
FN:34,(anonymous_2)
FN:43,(anonymous_3)
FNF:4
FNH:0
FNDA:0,(anonymous_0)
FNDA:0,(anonymous_1)
FNDA:0,(anonymous_2)
FNDA:0,(anonymous_3)
DA:1,5
DA:5,0
DA:6,0
DA:8,0
DA:17,0
DA:18,0
DA:19,0
DA:20,0
DA:21,0
DA:22,0
DA:23,0
DA:24,0
DA:25,0
DA:27,0
DA:30,0
DA:35,0
DA:36,0
DA:37,0
DA:41,0
DA:42,0
DA:43,0
DA:44,0
DA:45,0
DA:46,0
DA:47,0
DA:48,0
DA:51,0
DA:53,0
DA:58,5
LF:29
LH:2
BRF:0
BRH:0
end_of_record
TN:
SF:controller/friendController.js
FN:6,(anonymous_0)
FN:20,(anonymous_1)
FN:35,(anonymous_2)
FN:52,(anonymous_3)
FN:63,(anonymous_4)
FN:109,(anonymous_5)
FNF:6
FNH:5
FNDA:1,(anonymous_0)
FNDA:0,(anonymous_1)
FNDA:1,(anonymous_2)
FNDA:1,(anonymous_3)
FNDA:2,(anonymous_4)
FNDA:2,(anonymous_5)
DA:1,5
DA:2,5
DA:3,5
DA:7,1
DA:8,1
DA:10,1
DA:18,1
DA:20,1
DA:21,0
DA:22,0
DA:23,0
DA:24,0
DA:28,1
DA:30,0
DA:31,0
DA:36,1
DA:37,1
DA:38,1
DA:40,1
DA:46,1
DA:48,0
DA:53,1
DA:54,1
DA:55,1
DA:57,1
DA:59,0
DA:64,2
DA:65,2
DA:66,2
DA:67,2
DA:69,2
DA:71,2
DA:72,0
DA:74,2
DA:75,1
DA:77,1
DA:78,0
DA:81,1
DA:87,1
DA:93,1
DA:99,1
DA:101,1
DA:102,1
DA:104,1
DA:105,1
DA:110,2
DA:111,2
DA:112,2
DA:113,2
DA:114,2
DA:115,2
DA:116,2
DA:117,2
DA:119,2
DA:121,1
DA:123,1
DA:126,1
DA:128,1
DA:129,1
DA:134,5
LF:60
LH:50
BRDA:21,0,0,0
BRDA:21,0,1,0
BRDA:21,1,0,0
BRDA:21,1,1,0
BRDA:23,2,0,0
BRDA:23,2,1,0
BRDA:23,3,0,0
BRDA:23,3,1,0
BRDA:71,4,0,0
BRDA:71,4,1,2
BRDA:74,5,0,1
BRDA:74,5,1,1
BRDA:74,6,0,2
BRDA:74,6,1,2
BRDA:77,7,0,0
BRDA:77,7,1,1
BRDA:117,8,0,0
BRDA:117,8,1,2
BRDA:119,9,0,1
BRDA:119,9,1,1
BRDA:119,10,0,2
BRDA:119,10,1,2
BRF:22
BRH:11
end_of_record
TN:
SF:controller/likesController.js
FN:7,(anonymous_0)
FN:20,(anonymous_1)
FN:33,(anonymous_2)
FN:43,(anonymous_3)
FN:83,(anonymous_4)
FNF:5
FNH:3
FNDA:2,(anonymous_0)
FNDA:0,(anonymous_1)
FNDA:1,(anonymous_2)
FNDA:0,(anonymous_3)
FNDA:1,(anonymous_4)
DA:1,5
DA:2,5
DA:3,5
DA:4,5
DA:8,2
DA:9,2
DA:11,2
DA:12,2
DA:14,2
DA:16,0
DA:21,0
DA:22,0
DA:24,0
DA:25,0
DA:27,0
DA:29,0
DA:34,1
DA:35,1
DA:36,1
DA:37,1
DA:38,1
DA:40,1
DA:41,1
DA:43,1
DA:44,0
DA:45,0
DA:49,1
DA:50,1
DA:52,1
DA:53,1
DA:54,0
DA:57,1
DA:59,1
DA:66,1
DA:68,0
DA:84,1
DA:85,1
DA:86,1
DA:87,1
DA:89,1
DA:91,1
DA:96,1
DA:98,0
DA:103,5
LF:44
LH:32
BRDA:12,0,0,0
BRDA:12,0,1,2
BRDA:25,1,0,0
BRDA:25,1,1,0
BRDA:38,2,0,0
BRDA:38,2,1,1
BRDA:41,3,0,0
BRDA:41,3,1,1
BRDA:44,4,0,0
BRDA:44,4,1,0
BRDA:50,5,0,0
BRDA:50,5,1,1
BRDA:53,6,0,0
BRDA:53,6,1,1
BRDA:87,7,0,0
BRDA:87,7,1,1
BRF:16
BRH:6
end_of_record
TN:
SF:controller/postController.js
FN:9,(anonymous_0)
FN:14,(anonymous_1)
FN:38,(anonymous_2)
FN:88,(anonymous_3)
FN:106,(anonymous_4)
FNF:5
FNH:4
FNDA:1,(anonymous_0)
FNDA:0,(anonymous_1)
FNDA:3,(anonymous_2)
FNDA:3,(anonymous_3)
FNDA:3,(anonymous_4)
DA:1,5
DA:2,5
DA:3,5
DA:4,5
DA:5,5
DA:6,5
DA:10,1
DA:11,1
DA:12,1
DA:14,1
DA:15,0
DA:18,1
DA:32,1
DA:34,0
DA:39,3
DA:40,3
DA:41,3
DA:42,3
DA:47,3
DA:48,1
DA:49,1
DA:50,2
DA:51,0
DA:52,2
DA:53,0
DA:54,0
DA:55,0
DA:56,0
DA:58,2
DA:61,1
DA:63,1
DA:70,1
DA:72,2
DA:89,3
DA:90,3
DA:91,3
DA:92,3
DA:93,2
DA:95,2
DA:97,1
DA:98,1
DA:100,1
DA:102,2
DA:107,3
DA:108,3
DA:109,3
DA:110,3
DA:111,2
DA:113,2
DA:115,1
DA:116,1
DA:117,1
DA:119,1
DA:121,2
DA:127,5
LF:55
LH:48
BRDA:47,0,0,1
BRDA:47,0,1,2
BRDA:47,1,0,3
BRDA:47,1,1,1
BRDA:50,2,0,0
BRDA:50,2,1,2
BRDA:50,3,0,2
BRDA:50,3,1,0
BRDA:52,4,0,0
BRDA:52,4,1,2
BRDA:52,5,0,2
BRDA:52,5,1,0
BRDA:93,6,0,0
BRDA:93,6,1,2
BRDA:95,7,0,1
BRDA:95,7,1,1
BRDA:111,8,0,0
BRDA:111,8,1,2
BRDA:113,9,0,1
BRDA:113,9,1,1
BRF:20
BRH:14
end_of_record
TN:
SF:controller/userController.js
FN:7,(anonymous_0)
FN:27,(anonymous_1)
FN:37,(anonymous_2)
FN:68,(anonymous_3)
FN:80,(anonymous_4)
FN:137,(anonymous_5)
FNF:6
FNH:5
FNDA:1,(anonymous_0)
FNDA:9,(anonymous_1)
FNDA:4,(anonymous_2)
FNDA:0,(anonymous_3)
FNDA:1,(anonymous_4)
FNDA:2,(anonymous_5)
DA:1,5
DA:2,5
DA:3,5
DA:4,5
DA:8,1
DA:9,1
DA:11,1
DA:12,0
DA:13,0
DA:15,0
DA:17,1
DA:18,1
DA:20,1
DA:23,0
DA:28,9
DA:29,9
DA:31,1
DA:33,8
DA:38,4
DA:39,4
DA:40,4
DA:41,3
DA:43,2
DA:44,2
DA:46,2
DA:47,2
DA:49,1
DA:51,1
DA:57,1
DA:58,1
DA:60,1
DA:62,1
DA:64,3
DA:69,0
DA:70,0
DA:71,0
DA:72,0
DA:74,0
DA:76,0
DA:81,1
DA:82,1
DA:85,1
DA:86,1
DA:96,0
DA:107,1
DA:108,0
DA:110,1
DA:112,1
DA:114,1
DA:128,1
DA:130,1
DA:132,0
DA:133,0
DA:138,2
DA:139,2
DA:140,2
DA:142,2
DA:144,1
DA:145,1
DA:147,1
DA:148,1
DA:150,1
DA:152,1
DA:157,5
LF:64
LH:50
BRDA:11,0,0,0
BRDA:11,0,1,1
BRDA:13,1,0,0
BRDA:13,1,1,0
BRDA:18,2,0,0
BRDA:18,2,1,1
BRDA:40,3,0,1
BRDA:40,3,1,3
BRDA:41,4,0,1
BRDA:41,4,1,2
BRDA:44,5,0,0
BRDA:44,5,1,2
BRDA:47,6,0,1
BRDA:47,6,1,1
BRDA:57,7,0,0
BRDA:57,7,1,1
BRDA:58,8,0,0
BRDA:58,8,1,1
BRDA:72,9,0,0
BRDA:72,9,1,0
BRDA:85,10,0,1
BRDA:85,10,1,0
BRDA:107,11,0,0
BRDA:107,11,1,1
BRDA:107,12,0,1
BRDA:107,12,1,1
BRDA:107,12,2,1
BRDA:107,12,3,1
BRDA:107,12,4,1
BRDA:112,13,0,0
BRDA:112,13,1,1
BRDA:142,14,0,1
BRDA:142,14,1,1
BRDA:145,15,0,0
BRDA:145,15,1,1
BRF:35
BRH:22
end_of_record
TN:
SF:middlewares/authentication.js
FN:7,authentication
FNF:1
FNH:1
FNDA:56,authentication
DA:1,5
DA:2,5
DA:4,5
DA:5,5
DA:8,56
DA:9,56
DA:10,56
DA:12,52
DA:13,42
DA:15,42
DA:16,42
DA:18,42
DA:23,42
DA:25,14
DA:46,5
LF:15
LH:15
BRDA:10,0,0,4
BRDA:10,0,1,52
BRDA:13,1,0,0
BRDA:13,1,1,42
BRDA:16,2,0,0
BRDA:16,2,1,42
BRF:6
BRH:4
end_of_record
TN:
SF:middlewares/errorHandler.js
FN:1,(anonymous_0)
FNF:1
FNH:1
FNDA:34,(anonymous_0)
DA:1,5
DA:5,34
DA:6,8
DA:7,6
DA:8,5
DA:9,4
DA:10,3
DA:11,2
DA:12,1
DA:13,0
DA:14,26
DA:15,2
DA:17,24
DA:19,1
DA:20,1
DA:22,1
DA:23,1
DA:25,1
DA:26,1
DA:28,2
DA:29,2
DA:31,4
DA:32,4
DA:34,10
DA:35,10
DA:37,0
DA:38,0
DA:40,0
DA:41,0
DA:43,0
DA:44,0
DA:46,0
DA:47,0
DA:49,5
DA:50,5
DA:52,0
DA:53,0
DA:56,0
DA:57,0
DA:63,5
LF:40
LH:27
BRDA:5,0,0,8
BRDA:5,0,1,26
BRDA:6,1,0,2
BRDA:6,1,1,6
BRDA:7,2,0,1
BRDA:7,2,1,5
BRDA:8,3,0,1
BRDA:8,3,1,4
BRDA:9,4,0,1
BRDA:9,4,1,3
BRDA:10,5,0,1
BRDA:10,5,1,2
BRDA:11,6,0,1
BRDA:11,6,1,1
BRDA:12,7,0,1
BRDA:12,7,1,0
BRDA:13,8,0,0
BRDA:13,8,1,0
BRDA:14,9,0,2
BRDA:14,9,1,24
BRDA:17,10,0,1
BRDA:17,10,1,1
BRDA:17,10,2,1
BRDA:17,10,3,2
BRDA:17,10,4,4
BRDA:17,10,5,10
BRDA:17,10,6,0
BRDA:17,10,7,0
BRDA:17,10,8,0
BRDA:17,10,9,0
BRDA:17,10,10,5
BRDA:17,10,11,0
BRDA:17,10,12,0
BRF:33
BRH:24
end_of_record
TN:
SF:middlewares/imageValidation.js
FN:1,(anonymous_0)
FN:20,(anonymous_1)
FNF:2
FNH:2
FNDA:4,(anonymous_0)
FNDA:4,(anonymous_1)
DA:1,5
DA:2,4
DA:3,4
DA:4,4
DA:7,0
DA:8,0
DA:11,0
DA:16,0
DA:20,5
DA:21,4
DA:22,4
DA:23,4
DA:26,0
DA:27,0
DA:29,0
DA:34,0
DA:38,5
LF:17
LH:9
BRDA:3,0,0,4
BRDA:3,0,1,0
BRDA:7,1,0,0
BRDA:7,1,1,0
BRDA:22,2,0,4
BRDA:22,2,1,0
BRDA:26,3,0,0
BRDA:26,3,1,0
BRDA:26,4,0,0
BRDA:26,4,1,0
BRDA:26,4,2,0
BRF:11
BRH:2
end_of_record
TN:
SF:middlewares/imagekit.js
FN:4,(anonymous_0)
FNF:1
FNH:1
FNDA:4,(anonymous_0)
DA:1,5
DA:2,5
DA:4,5
DA:5,4
DA:6,4
DA:7,4
DA:9,0
DA:10,0
DA:11,0
DA:13,0
DA:14,0
DA:16,0
DA:27,0
DA:33,0
DA:36,0
DA:40,5
LF:16
LH:7
BRDA:6,0,0,4
BRDA:6,0,1,0
BRF:2
BRH:1
end_of_record
TN:
SF:models/commentModel.js
FNF:0
FNH:0
DA:1,5
DA:2,5
DA:4,5
DA:16,5
DA:18,5
LF:5
LH:5
BRF:0
BRH:0
end_of_record
TN:
SF:models/followModel.js
FNF:0
FNH:0
DA:1,5
DA:2,5
DA:4,5
DA:15,5
DA:17,5
LF:5
LH:5
BRF:0
BRH:0
end_of_record
TN:
SF:models/friendModel.js
FNF:0
FNH:0
DA:1,5
DA:2,5
DA:4,5
DA:16,5
DA:18,5
LF:5
LH:5
BRF:0
BRH:0
end_of_record
TN:
SF:models/likesModel.js
FNF:0
FNH:0
DA:1,5
DA:2,5
DA:3,5
DA:5,5
DA:16,5
DA:18,5
LF:6
LH:6
BRF:0
BRH:0
end_of_record
TN:
SF:models/postModel.js
FNF:0
FNH:0
DA:1,5
DA:2,5
DA:3,5
DA:5,5
DA:39,5
DA:40,5
DA:41,5
LF:7
LH:7
BRF:0
BRH:0
end_of_record
TN:
SF:models/userModel.js
FN:51,save
FN:67,validatePassword
FNF:2
FNH:2
FNDA:11,save
FNDA:2,validatePassword
DA:1,5
DA:2,5
DA:3,5
DA:4,5
DA:5,5
DA:7,5
DA:51,5
DA:52,11
DA:54,11
DA:55,0
DA:57,11
DA:58,11
DA:59,11
DA:61,11
DA:63,0
DA:67,5
DA:68,2
DA:71,5
DA:72,5
DA:74,5
LF:20
LH:18
BRDA:54,0,0,0
BRDA:54,0,1,11
BRF:2
BRH:1
end_of_record
TN:
SF:routes/commentRoutes.js
FNF:0
FNH:0
DA:1,5
DA:2,5
DA:4,5
DA:5,5
DA:6,5
DA:7,5
DA:8,5
DA:10,5
LF:8
LH:8
BRF:0
BRH:0
end_of_record
TN:
SF:routes/fetchroutes.js
FNF:0
FNH:0
DA:1,5
DA:2,5
DA:4,5
DA:5,5
DA:7,5
LF:5
LH:5
BRF:0
BRH:0
end_of_record
TN:
SF:routes/followRoutes.js
FNF:0
FNH:0
LF:0
LH:0
BRF:0
BRH:0
end_of_record
TN:
SF:routes/friendRoutes.js
FNF:0
FNH:0
DA:1,5
DA:2,5
DA:4,5
DA:5,5
DA:6,5
DA:7,5
DA:8,5
DA:10,5
LF:8
LH:8
BRF:0
BRH:0
end_of_record
TN:
SF:routes/likesRoutes.js
FNF:0
FNH:0
DA:1,5
DA:2,5
DA:4,5
DA:5,5
DA:6,5
DA:9,5
DA:11,5
LF:7
LH:7
BRF:0
BRH:0
end_of_record
TN:
SF:routes/postRoutes.js
FNF:0
FNH:0
DA:1,5
DA:2,5
DA:3,5
DA:4,5
DA:5,5
DA:7,5
DA:8,5
DA:9,5
DA:10,5
DA:12,5
DA:13,5
DA:17,5
DA:18,5
DA:20,5
DA:22,5
DA:23,5
DA:29,5
LF:17
LH:17
BRF:0
BRH:0
end_of_record
TN:
SF:routes/userRoutes.js
FNF:0
FNH:0
DA:1,5
DA:2,5
DA:3,5
DA:5,5
DA:6,5
DA:7,5
DA:9,5
DA:10,5
DA:15,5
DA:16,5
DA:18,5
DA:20,5
DA:21,5
DA:22,5
DA:23,5
DA:25,5
LF:16
LH:16
BRF:0
BRH:0
end_of_record
